#
# A fatal error has been detected by the Java Runtime Environment:
#
#  SIGSEGV (0xb) at pc=0x00007fc6ce732af7, pid=7409, tid=7471
#
# JRE version: OpenJDK Runtime Environment (11.0.12) (build 11.0.12+0-b1504.28-7817840)
# Java VM: OpenJDK 64-Bit Server VM (11.0.12+0-b1504.28-7817840, mixed mode, tiered, compressed oops, g1 gc, linux-amd64)
# Problematic frame:
# V  [libjvm.so+0x89baf7]  Deoptimization::query_update_method_data(MethodData*, int, Deoptimization::DeoptReason, bool, bool, Method*, unsigned int&, bool&, bool&)+0x37
#
# Core dump will be written. Default location: Core dumps may be processed with "/usr/share/apport/apport -p%p -s%s -c%c -d%d -P%P -u%u -g%g -- %E" (or dumping to /home/thoma/AndroidStudioProjects/Delicacy/core.7409)
#
# If you would like to submit a bug report, please visit:
#   https://bugreport.java.com/bugreport/crash.jsp
#

---------------  S U M M A R Y ------------

Command Line: --add-opens=java.base/java.util=ALL-UNNAMED --add-opens=java.base/java.lang=ALL-UNNAMED --add-opens=java.base/java.lang.invoke=ALL-UNNAMED --add-opens=java.base/java.util=ALL-UNNAMED --add-opens=java.prefs/java.util.prefs=ALL-UNNAMED --add-opens=java.prefs/java.util.prefs=ALL-UNNAMED --add-opens=java.base/java.nio.charset=ALL-UNNAMED --add-opens=java.base/java.net=ALL-UNNAMED --add-opens=java.base/java.util.concurrent.atomic=ALL-UNNAMED -Xmx2048m -Dfile.encoding=UTF-8 -Duser.country=US -Duser.language=en -Duser.variant org.gradle.launcher.daemon.bootstrap.GradleDaemon 7.3.3

Host: Intel(R) Core(TM) i7-6600U CPU @ 2.60GHz, 4 cores, 7G, Ubuntu 20.04.4 LTS
Time: Mon Jun 20 20:33:01 2022 EAT elapsed time: 11.172117 seconds (0d 0h 0m 11s)

---------------  T H R E A D  ---------------

Current thread (0x00007fc66001b800):  JavaThread "Daemon worker" [_thread_in_vm, id=7471, stack(0x00007fc6a0151000,0x00007fc6a0252000)]

Stack: [0x00007fc6a0151000,0x00007fc6a0252000],  sp=0x00007fc6a0250100,  free space=1020k
Native frames: (J=compiled Java code, A=aot compiled Java code, j=interpreted, Vv=VM code, C=native code)
V  [libjvm.so+0x89baf7]  Deoptimization::query_update_method_data(MethodData*, int, Deoptimization::DeoptReason, bool, bool, Method*, unsigned int&, bool&, bool&)+0x37
V  [libjvm.so+0x89be60]  Deoptimization::update_method_data_from_interpreter(MethodData*, int, int)+0x80
V  [libjvm.so+0xa078ab]  InterpreterRuntime::note_trap(JavaThread*, int, Thread*)+0xfb
V  [libjvm.so+0xa07c4f]  InterpreterRuntime::create_exception(JavaThread*, char*, char*)+0x6f
j  org.gradle.launcher.daemon.server.exec.ForwardClientInput.execute(Lorg/gradle/launcher/daemon/server/api/DaemonCommandExecution;)V+0
j  org.gradle.launcher.daemon.server.api.DaemonCommandExecution.proceed()Z+23
j  org.gradle.launcher.daemon.server.exec.LogAndCheckHealth.execute(Lorg/gradle/launcher/daemon/server/api/DaemonCommandExecution;)V+28
j  org.gradle.launcher.daemon.server.api.DaemonCommandExecution.proceed()Z+23
j  org.gradle.launcher.daemon.server.exec.LogToClient.doBuild(Lorg/gradle/launcher/daemon/server/api/DaemonCommandExecution;Lorg/gradle/launcher/daemon/protocol/Build;)V+87
j  org.gradle.launcher.daemon.server.exec.BuildCommandOnly.execute(Lorg/gradle/launcher/daemon/server/api/DaemonCommandExecution;)V+49
j  org.gradle.launcher.daemon.server.api.DaemonCommandExecution.proceed()Z+23
j  org.gradle.launcher.daemon.server.exec.EstablishBuildEnvironment.doBuild(Lorg/gradle/launcher/daemon/server/api/DaemonCommandExecution;Lorg/gradle/launcher/daemon/protocol/Build;)V+356
j  org.gradle.launcher.daemon.server.exec.BuildCommandOnly.execute(Lorg/gradle/launcher/daemon/server/api/DaemonCommandExecution;)V+49
j  org.gradle.launcher.daemon.server.api.DaemonCommandExecution.proceed()Z+23
j  org.gradle.launcher.daemon.server.exec.StartBuildOrRespondWithBusy$1.run()V+44
j  org.gradle.launcher.daemon.server.DaemonStateCoordinator$1.run()V+4
j  org.gradle.internal.concurrent.ExecutorPolicy$CatchAndRecordFailures.onExecute(Ljava/lang/Runnable;)V+1
j  org.gradle.internal.concurrent.ManagedExecutorImpl$1.run()V+25
j  java.util.concurrent.ThreadPoolExecutor.runWorker(Ljava/util/concurrent/ThreadPoolExecutor$Worker;)V+92 java.base@11.0.12
j  java.util.concurrent.ThreadPoolExecutor$Worker.run()V+5 java.base@11.0.12
j  org.gradle.internal.concurrent.ThreadFactoryImpl$ManagedThreadRunnable.run()V+7
j  java.lang.Thread.run()V+11 java.base@11.0.12
v  ~StubRoutines::call_stub
V  [libjvm.so+0xa1076f]  JavaCalls::call_helper(JavaValue*, methodHandle const&, JavaCallArguments*, Thread*)+0x35f
V  [libjvm.so+0xa0fa34]  JavaCalls::call_virtual(JavaValue*, Klass*, Symbol*, Symbol*, JavaCallArguments*, Thread*)+0xe4
V  [libjvm.so+0xa0fae2]  JavaCalls::call_virtual(JavaValue*, Handle, Klass*, Symbol*, Symbol*, Thread*)+0x52
V  [libjvm.so+0xaaf570]  thread_entry(JavaThread*, Thread*)+0xb0
V  [libjvm.so+0xe81e78]  JavaThread::thread_main_inner()+0xc8
V  [libjvm.so+0xe7f958]  Thread::call_run()+0x68
V  [libjvm.so+0xd2e93e]  thread_native_entry(Thread*)+0x1be

Java frames: (J=compiled Java code, j=interpreted, Vv=VM code)
j  org.gradle.launcher.daemon.server.exec.ForwardClientInput.execute(Lorg/gradle/launcher/daemon/server/api/DaemonCommandExecution;)V+0
j  org.gradle.launcher.daemon.server.api.DaemonCommandExecution.proceed()Z+23
j  org.gradle.launcher.daemon.server.exec.LogAndCheckHealth.execute(Lorg/gradle/launcher/daemon/server/api/DaemonCommandExecution;)V+28
j  org.gradle.launcher.daemon.server.api.DaemonCommandExecution.proceed()Z+23
j  org.gradle.launcher.daemon.server.exec.LogToClient.doBuild(Lorg/gradle/launcher/daemon/server/api/DaemonCommandExecution;Lorg/gradle/launcher/daemon/protocol/Build;)V+87
j  org.gradle.launcher.daemon.server.exec.BuildCommandOnly.execute(Lorg/gradle/launcher/daemon/server/api/DaemonCommandExecution;)V+49
j  org.gradle.launcher.daemon.server.api.DaemonCommandExecution.proceed()Z+23
j  org.gradle.launcher.daemon.server.exec.EstablishBuildEnvironment.doBuild(Lorg/gradle/launcher/daemon/server/api/DaemonCommandExecution;Lorg/gradle/launcher/daemon/protocol/Build;)V+356
j  org.gradle.launcher.daemon.server.exec.BuildCommandOnly.execute(Lorg/gradle/launcher/daemon/server/api/DaemonCommandExecution;)V+49
j  org.gradle.launcher.daemon.server.api.DaemonCommandExecution.proceed()Z+23
j  org.gradle.launcher.daemon.server.exec.StartBuildOrRespondWithBusy$1.run()V+44
j  org.gradle.launcher.daemon.server.DaemonStateCoordinator$1.run()V+4
j  org.gradle.internal.concurrent.ExecutorPolicy$CatchAndRecordFailures.onExecute(Ljava/lang/Runnable;)V+1
j  org.gradle.internal.concurrent.ManagedExecutorImpl$1.run()V+25
j  java.util.concurrent.ThreadPoolExecutor.runWorker(Ljava/util/concurrent/ThreadPoolExecutor$Worker;)V+92 java.base@11.0.12
j  java.util.concurrent.ThreadPoolExecutor$Worker.run()V+5 java.base@11.0.12
j  org.gradle.internal.concurrent.ThreadFactoryImpl$ManagedThreadRunnable.run()V+7
j  java.lang.Thread.run()V+11 java.base@11.0.12
v  ~StubRoutines::call_stub

siginfo: si_signo: 11 (SIGSEGV), si_code: 128 (SI_KERNEL), si_addr: 0x0000000000000000

Register to memory mapping:

RAX=0x0000000000000001 is an unknown value
RBX=0x00007fc66000a3a0 points into unknown readable memory: 0x0000000000000002 | 02 00 00 00 00 00 00 00
RCX=0x0000000000000001 is an unknown value
RDX=0x0000000000000001 is an unknown value
RSP=0x00007fc6a0250100 is pointing into the stack for thread: 0x00007fc66001b800
RBP=0x00007fc6a0250140 is pointing into the stack for thread: 0x00007fc66001b800
RSI=0x0 is NULL
RDI=0x0 is NULL
R8 =0x0 is NULL
R9 =0x0 is NULL
R10=0x00007fc6a0250196 is pointing into the stack for thread: 0x00007fc66001b800
R11=0x0 is NULL
R12=0x0001000000000000 is an unknown value
R13=0x0000000000000001 is an unknown value
R14=0x0 is NULL
R15=0x0001000000000000 is an unknown value


Registers:
RAX=0x0000000000000001, RBX=0x00007fc66000a3a0, RCX=0x0000000000000001, RDX=0x0000000000000001
RSP=0x00007fc6a0250100, RBP=0x00007fc6a0250140, RSI=0x0000000000000000, RDI=0x0000000000000000
R8 =0x0000000000000000, R9 =0x0000000000000000, R10=0x00007fc6a0250196, R11=0x0000000000000000
R12=0x0001000000000000, R13=0x0000000000000001, R14=0x0000000000000000, R15=0x0001000000000000
RIP=0x00007fc6ce732af7, EFLAGS=0x0000000000010246, CSGSFS=0x002b000000000033, ERR=0x0000000000000000
  TRAPNO=0x000000000000000d

Top of Stack: (sp=0x00007fc6a0250100)
0x00007fc6a0250100:   00007fc6a02502c0 00007fc66001b800
0x00007fc6a0250110:   00007fc6a0250140 00007fc66000a3a0
0x00007fc6a0250120:   0000000000000001 0000000000000000
0x00007fc6a0250130:   00007fc66000ab00 0001000000000000 

Instructions: (pc=0x00007fc6ce732af7)
0x00007fc6ce7329f7:   fe 3d ff ff ff 7f 0f 44 ca 83 fa 01 41 0f 42 c8
0x00007fc6ce732a07:   89 ce 81 ce 00 00 00 80 85 db 0f 49 f1 39 de 75
0x00007fc6ce732a17:   10 3d ff ff ff 7f 75 21 4c 8d 25 41 69 a0 ff eb
0x00007fc6ce732a27:   44 48 8d 15 b9 24 9f ff 4c 89 f7 4c 89 fe 89 d9
0x00007fc6ce732a37:   31 c0 e8 d2 02 6c 00 eb 57 83 fa 1d 77 0f 89 d0
0x00007fc6ce732a47:   48 8d 0d 22 e9 78 00 4c 8b 24 c1 eb 18 4c 8d 25
0x00007fc6ce732a57:   b5 1e 7d 00 48 8d 35 f8 28 a0 ff 4c 89 e7 31 c0
0x00007fc6ce732a67:   e8 d4 04 6c 00 85 db 48 8d 05 d7 cb a5 ff 4c 8d
0x00007fc6ce732a77:   05 32 3b a5 ff 4c 0f 48 c0 48 8d 15 1d 87 a5 ff
0x00007fc6ce732a87:   4c 89 f7 4c 89 fe 4c 89 e1 31 c0 e8 79 02 6c 00
0x00007fc6ce732a97:   4c 89 f0 5b 41 5c 41 5e 41 5f 5d c3 66 2e 0f 1f
0x00007fc6ce732aa7:   84 00 00 00 00 00 0f 1f 00 55 48 89 e5 89 f8 c1
0x00007fc6ce732ab7:   e8 1f 5d c3 0f 1f 44 00 00 55 48 89 e5 41 57 41
0x00007fc6ce732ac7:   56 41 55 41 54 53 48 83 ec 18 41 89 d5 49 89 fc
0x00007fc6ce732ad7:   31 ff 41 bb 00 00 00 00 41 be 00 00 00 00 84 c9
0x00007fc6ce732ae7:   74 57 41 8d 45 1e 45 84 c0 41 0f 44 c5 48 63 c8
0x00007fc6ce732af7:   41 0f b6 84 0c a0 00 00 00 89 c7 83 c7 01 40 84
0x00007fc6ce732b07:   ff 74 0a 41 88 bc 0c a0 00 00 00 eb 19 41 8b bc
0x00007fc6ce732b17:   24 98 00 00 00 8d 4f 01 41 89 8c 24 98 00 00 00
0x00007fc6ce732b27:   81 c7 00 01 00 00 84 c0 41 0f 95 c6 41 83 bc 24
0x00007fc6ce732b37:   90 00 00 00 00 41 0f 95 c3 48 8b 55 20 48 8b 5d
0x00007fc6ce732b47:   18 4c 8b 55 10 41 8d 45 ff 44 89 e9 83 f8 08 72
0x00007fc6ce732b57:   27 41 8d 45 f2 83 f8 09 77 0a b9 71 03 00 00 0f
0x00007fc6ce732b67:   a3 c1 72 08 45 31 ff e9 cf 01 00 00 48 98 48 8d
0x00007fc6ce732b77:   0d 28 a0 a7 ff 8b 0c 81 89 4d c4 48 89 7d c8 44
0x00007fc6ce732b87:   89 75 d4 44 89 5d d0 44 89 e8 83 e0 fe 31 db 83
0x00007fc6ce732b97:   f8 12 49 0f 44 d9 41 83 fd 14 49 0f 44 d9 48 85
0x00007fc6ce732ba7:   db 41 89 f6 0f 84 ad 00 00 00 4c 89 e7 48 89 da
0x00007fc6ce732bb7:   b9 01 00 00 00 e8 8f 5c 44 00 49 89 c7 48 85 c0
0x00007fc6ce732bc7:   0f 85 a8 00 00 00 44 89 f6 4c 89 e7 e8 48 5b 44
0x00007fc6ce732bd7:   00 49 89 c7 48 85 c0 0f 85 91 00 00 00 44 89 f6
0x00007fc6ce732be7:   4c 89 e7 31 d2 b9 01 00 00 00 e8 5a 5c 44 00 49 


Stack slot to memory mapping:
stack at sp + 0 slots: 0x00007fc6a02502c0 is pointing into the stack for thread: 0x00007fc66001b800
stack at sp + 1 slots: 0x00007fc66001b800 is a thread
stack at sp + 2 slots: 0x00007fc6a0250140 is pointing into the stack for thread: 0x00007fc66001b800
stack at sp + 3 slots: 0x00007fc66000a3a0 points into unknown readable memory: 0x0000000000000002 | 02 00 00 00 00 00 00 00
stack at sp + 4 slots: 0x0000000000000001 is an unknown value
stack at sp + 5 slots: 0x0 is NULL
stack at sp + 6 slots: 0x00007fc66000ab00 points into unknown readable memory: 0x0000000000000000 | 00 00 00 00 00 00 00 00
stack at sp + 7 slots: 0x0001000000000000 is an unknown value


---------------  P R O C E S S  ---------------

Threads class SMR info:
_java_thread_list=0x00007fc644006170, length=17, elements={
0x00007fc6c8016800, 0x00007fc6c8148000, 0x00007fc6c814c800, 0x00007fc6c8162800,
0x00007fc6c8164800, 0x00007fc6c8166800, 0x00007fc6c8169000, 0x00007fc6c816b000,
0x00007fc6c8228800, 0x00007fc6c8879000, 0x00007fc6c942d800, 0x00007fc6c9450000,
0x00007fc668015800, 0x00007fc660003800, 0x00007fc660006800, 0x00007fc66001b800,
0x00007fc644005000
}

Java Threads: ( => current thread )
  0x00007fc6c8016800 JavaThread "main" [_thread_blocked, id=7413, stack(0x00007fc6cdc47000,0x00007fc6cdd48000)]
  0x00007fc6c8148000 JavaThread "Reference Handler" daemon [_thread_blocked, id=7420, stack(0x00007fc6b4a14000,0x00007fc6b4b15000)]
  0x00007fc6c814c800 JavaThread "Finalizer" daemon [_thread_blocked, id=7421, stack(0x00007fc6b4913000,0x00007fc6b4a14000)]
  0x00007fc6c8162800 JavaThread "Signal Dispatcher" daemon [_thread_blocked, id=7422, stack(0x00007fc6b4029000,0x00007fc6b412a000)]
  0x00007fc6c8164800 JavaThread "Service Thread" daemon [_thread_blocked, id=7423, stack(0x00007fc6a1eff000,0x00007fc6a2000000)]
  0x00007fc6c8166800 JavaThread "C2 CompilerThread0" daemon [_thread_blocked, id=7424, stack(0x00007fc6a1dfe000,0x00007fc6a1eff000)]
  0x00007fc6c8169000 JavaThread "C1 CompilerThread0" daemon [_thread_blocked, id=7425, stack(0x00007fc6a1cfd000,0x00007fc6a1dfe000)]
  0x00007fc6c816b000 JavaThread "Sweeper thread" daemon [_thread_blocked, id=7426, stack(0x00007fc6a1bfc000,0x00007fc6a1cfd000)]
  0x00007fc6c8228800 JavaThread "Common-Cleaner" daemon [_thread_blocked, id=7427, stack(0x00007fc6a1afb000,0x00007fc6a1bfc000)]
  0x00007fc6c8879000 JavaThread "Daemon health stats" [_thread_blocked, id=7444, stack(0x00007fc6a0d5b000,0x00007fc6a0e5c000)]
  0x00007fc6c942d800 JavaThread "Incoming local TCP Connector on port 46795" [_thread_in_native, id=7445, stack(0x00007fc6a0a5a000,0x00007fc6a0b5b000)]
  0x00007fc6c9450000 JavaThread "Daemon periodic checks" [_thread_blocked, id=7464, stack(0x00007fc6a0959000,0x00007fc6a0a5a000)]
  0x00007fc668015800 JavaThread "Daemon" [_thread_blocked, id=7466, stack(0x00007fc6a0658000,0x00007fc6a0759000)]
  0x00007fc660003800 JavaThread "Handler for socket connection from /127.0.0.1:46795 to /127.0.0.1:32858" [_thread_in_native, id=7469, stack(0x00007fc6a0353000,0x00007fc6a0454000)]
  0x00007fc660006800 JavaThread "Cancel handler" [_thread_blocked, id=7470, stack(0x00007fc6a0252000,0x00007fc6a0353000)]
=>0x00007fc66001b800 JavaThread "Daemon worker" [_thread_in_vm, id=7471, stack(0x00007fc6a0151000,0x00007fc6a0252000)]
  0x00007fc644005000 JavaThread "Asynchronous log dispatcher for DefaultDaemonConnection: socket connection from /127.0.0.1:46795 to /127.0.0.1:32858" [_thread_blocked, id=7474, stack(0x00007fc6a0050000,0x00007fc6a0151000)]

Other Threads:
  0x00007fc6c813f800 VMThread "VM Thread" [stack: 0x00007fc6b4b17000,0x00007fc6b4c17000] [id=7419]
  0x00007fc6c822e000 WatcherThread [stack: 0x00007fc6a19fb000,0x00007fc6a1afb000] [id=7428]
  0x00007fc6c802d800 GCTaskThread "GC Thread#0" [stack: 0x00007fc6cd8b7000,0x00007fc6cd9b7000] [id=7414]
  0x00007fc698001000 GCTaskThread "GC Thread#1" [stack: 0x00007fc6a18c8000,0x00007fc6a19c8000] [id=7430]
  0x00007fc69805c000 GCTaskThread "GC Thread#2" [stack: 0x00007fc6a0558000,0x00007fc6a0658000] [id=7467]
  0x00007fc69805e000 GCTaskThread "GC Thread#3" [stack: 0x00007fc6a0456000,0x00007fc6a0556000] [id=7468]
  0x00007fc6c8060800 ConcurrentGCThread "G1 Main Marker" [stack: 0x00007fc6cc76c000,0x00007fc6cc86c000] [id=7415]
  0x00007fc6c8062000 ConcurrentGCThread "G1 Conc#0" [stack: 0x00007fc6cc66a000,0x00007fc6cc76a000] [id=7416]
  0x00007fc6c80d9800 ConcurrentGCThread "G1 Refine#0" [stack: 0x00007fc6cc164000,0x00007fc6cc264000] [id=7417]
  0x00007fc6c80db000 ConcurrentGCThread "G1 Young RemSet Sampling" [stack: 0x00007fc6cc062000,0x00007fc6cc162000] [id=7418]

Threads with active compile tasks:

VM state:synchronizing (normal execution)

VM Mutex/Monitor currently owned by a thread:  ([mutex/lock_event])
[0x00007fc6c80131a0] Threads_lock - owner thread: 0x00007fc6c813f800

Heap address: 0x0000000080000000, size: 2048 MB, Compressed Oops mode: 32-bit
Narrow klass base: 0x0000000000000000, Narrow klass shift: 3
Compressed class space size: 1073741824 Address: 0x0000000100000000

Heap:
 garbage-first heap   total 124928K, used 17548K [0x0000000080000000, 0x0000000100000000)
  region size 1024K, 8 young (8192K), 5 survivors (5120K)
 Metaspace       used 16597K, capacity 16993K, committed 17152K, reserved 1064960K
  class space    used 1908K, capacity 2024K, committed 2048K, reserved 1048576K
Heap Regions: E=young(eden), S=young(survivor), O=old, HS=humongous(starts), HC=humongous(continues), CS=collection set, F=free, A=archive, TAMS=top-at-mark-start (previous, next)
|   0|0x0000000080000000, 0x0000000080000000, 0x0000000080100000|  0%| F|  |TAMS 0x0000000080000000, 0x0000000080000000| Untracked 
|   1|0x0000000080100000, 0x0000000080200000, 0x0000000080200000|100%| O|  |TAMS 0x0000000080100000, 0x0000000080100000| Untracked 
|   2|0x0000000080200000, 0x0000000080300000, 0x0000000080300000|100%| O|  |TAMS 0x0000000080200000, 0x0000000080200000| Untracked 
|   3|0x0000000080300000, 0x0000000080400000, 0x0000000080400000|100%|HS|  |TAMS 0x0000000080300000, 0x0000000080300000| Complete 
|   4|0x0000000080400000, 0x0000000080500000, 0x0000000080500000|100%|HC|  |TAMS 0x0000000080400000, 0x0000000080400000| Complete 
|   5|0x0000000080500000, 0x0000000080600000, 0x0000000080600000|100%|HC|  |TAMS 0x0000000080500000, 0x0000000080500000| Complete 
|   6|0x0000000080600000, 0x0000000080700000, 0x0000000080700000|100%| O|  |TAMS 0x0000000080600000, 0x0000000080600000| Untracked 
|   7|0x0000000080700000, 0x0000000080800000, 0x0000000080800000|100%| O|  |TAMS 0x0000000080700000, 0x0000000080700000| Untracked 
|   8|0x0000000080800000, 0x0000000080900000, 0x0000000080900000|100%| O|  |TAMS 0x0000000080800000, 0x0000000080800000| Untracked 
|   9|0x0000000080900000, 0x0000000080a00000, 0x0000000080a00000|100%| O|  |TAMS 0x0000000080900000, 0x0000000080900000| Untracked 
|  10|0x0000000080a00000, 0x0000000080b00000, 0x0000000080b00000|100%| O|  |TAMS 0x0000000080a00000, 0x0000000080a00000| Untracked 
|  11|0x0000000080b00000, 0x0000000080b23000, 0x0000000080c00000| 13%| O|  |TAMS 0x0000000080b00000, 0x0000000080b00000| Untracked 
|  12|0x0000000080c00000, 0x0000000080c00000, 0x0000000080d00000|  0%| F|  |TAMS 0x0000000080c00000, 0x0000000080c00000| Untracked 
|  13|0x0000000080d00000, 0x0000000080d00000, 0x0000000080e00000|  0%| F|  |TAMS 0x0000000080d00000, 0x0000000080d00000| Untracked 
|  14|0x0000000080e00000, 0x0000000080e00000, 0x0000000080f00000|  0%| F|  |TAMS 0x0000000080e00000, 0x0000000080e00000| Untracked 
|  15|0x0000000080f00000, 0x0000000080f00000, 0x0000000081000000|  0%| F|  |TAMS 0x0000000080f00000, 0x0000000080f00000| Untracked 
|  16|0x0000000081000000, 0x0000000081000000, 0x0000000081100000|  0%| F|  |TAMS 0x0000000081000000, 0x0000000081000000| Untracked 
|  17|0x0000000081100000, 0x0000000081100000, 0x0000000081200000|  0%| F|  |TAMS 0x0000000081100000, 0x0000000081100000| Untracked 
|  18|0x0000000081200000, 0x0000000081200000, 0x0000000081300000|  0%| F|  |TAMS 0x0000000081200000, 0x0000000081200000| Untracked 
|  19|0x0000000081300000, 0x0000000081300000, 0x0000000081400000|  0%| F|  |TAMS 0x0000000081300000, 0x0000000081300000| Untracked 
|  20|0x0000000081400000, 0x0000000081400000, 0x0000000081500000|  0%| F|  |TAMS 0x0000000081400000, 0x0000000081400000| Untracked 
|  21|0x0000000081500000, 0x0000000081500000, 0x0000000081600000|  0%| F|  |TAMS 0x0000000081500000, 0x0000000081500000| Untracked 
|  22|0x0000000081600000, 0x0000000081600000, 0x0000000081700000|  0%| F|  |TAMS 0x0000000081600000, 0x0000000081600000| Untracked 
|  23|0x0000000081700000, 0x0000000081700000, 0x0000000081800000|  0%| F|  |TAMS 0x0000000081700000, 0x0000000081700000| Untracked 
|  24|0x0000000081800000, 0x0000000081800000, 0x0000000081900000|  0%| F|  |TAMS 0x0000000081800000, 0x0000000081800000| Untracked 
|  25|0x0000000081900000, 0x0000000081900000, 0x0000000081a00000|  0%| F|  |TAMS 0x0000000081900000, 0x0000000081900000| Untracked 
|  26|0x0000000081a00000, 0x0000000081a00000, 0x0000000081b00000|  0%| F|  |TAMS 0x0000000081a00000, 0x0000000081a00000| Untracked 
|  27|0x0000000081b00000, 0x0000000081b00000, 0x0000000081c00000|  0%| F|  |TAMS 0x0000000081b00000, 0x0000000081b00000| Untracked 
|  28|0x0000000081c00000, 0x0000000081c00000, 0x0000000081d00000|  0%| F|  |TAMS 0x0000000081c00000, 0x0000000081c00000| Untracked 
|  29|0x0000000081d00000, 0x0000000081d00000, 0x0000000081e00000|  0%| F|  |TAMS 0x0000000081d00000, 0x0000000081d00000| Untracked 
|  30|0x0000000081e00000, 0x0000000081e00000, 0x0000000081f00000|  0%| F|  |TAMS 0x0000000081e00000, 0x0000000081e00000| Untracked 
|  31|0x0000000081f00000, 0x0000000081f00000, 0x0000000082000000|  0%| F|  |TAMS 0x0000000081f00000, 0x0000000081f00000| Untracked 
|  32|0x0000000082000000, 0x0000000082000000, 0x0000000082100000|  0%| F|  |TAMS 0x0000000082000000, 0x0000000082000000| Untracked 
|  33|0x0000000082100000, 0x0000000082100000, 0x0000000082200000|  0%| F|  |TAMS 0x0000000082100000, 0x0000000082100000| Untracked 
|  34|0x0000000082200000, 0x0000000082200000, 0x0000000082300000|  0%| F|  |TAMS 0x0000000082200000, 0x0000000082200000| Untracked 
|  35|0x0000000082300000, 0x0000000082300000, 0x0000000082400000|  0%| F|  |TAMS 0x0000000082300000, 0x0000000082300000| Untracked 
|  36|0x0000000082400000, 0x0000000082400000, 0x0000000082500000|  0%| F|  |TAMS 0x0000000082400000, 0x0000000082400000| Untracked 
|  37|0x0000000082500000, 0x0000000082500000, 0x0000000082600000|  0%| F|  |TAMS 0x0000000082500000, 0x0000000082500000| Untracked 
|  38|0x0000000082600000, 0x0000000082600000, 0x0000000082700000|  0%| F|  |TAMS 0x0000000082600000, 0x0000000082600000| Untracked 
|  39|0x0000000082700000, 0x0000000082700000, 0x0000000082800000|  0%| F|  |TAMS 0x0000000082700000, 0x0000000082700000| Untracked 
|  40|0x0000000082800000, 0x0000000082800000, 0x0000000082900000|  0%| F|  |TAMS 0x0000000082800000, 0x0000000082800000| Untracked 
|  41|0x0000000082900000, 0x0000000082900000, 0x0000000082a00000|  0%| F|  |TAMS 0x0000000082900000, 0x0000000082900000| Untracked 
|  42|0x0000000082a00000, 0x0000000082a00000, 0x0000000082b00000|  0%| F|  |TAMS 0x0000000082a00000, 0x0000000082a00000| Untracked 
|  43|0x0000000082b00000, 0x0000000082b00000, 0x0000000082c00000|  0%| F|  |TAMS 0x0000000082b00000, 0x0000000082b00000| Untracked 
|  44|0x0000000082c00000, 0x0000000082c00000, 0x0000000082d00000|  0%| F|  |TAMS 0x0000000082c00000, 0x0000000082c00000| Untracked 
|  45|0x0000000082d00000, 0x0000000082d00000, 0x0000000082e00000|  0%| F|  |TAMS 0x0000000082d00000, 0x0000000082d00000| Untracked 
|  46|0x0000000082e00000, 0x0000000082e00000, 0x0000000082f00000|  0%| F|  |TAMS 0x0000000082e00000, 0x0000000082e00000| Untracked 
|  47|0x0000000082f00000, 0x0000000082f00000, 0x0000000083000000|  0%| F|  |TAMS 0x0000000082f00000, 0x0000000082f00000| Untracked 
|  48|0x0000000083000000, 0x0000000083000000, 0x0000000083100000|  0%| F|  |TAMS 0x0000000083000000, 0x0000000083000000| Untracked 
|  49|0x0000000083100000, 0x0000000083100000, 0x0000000083200000|  0%| F|  |TAMS 0x0000000083100000, 0x0000000083100000| Untracked 
|  50|0x0000000083200000, 0x0000000083200000, 0x0000000083300000|  0%| F|  |TAMS 0x0000000083200000, 0x0000000083200000| Untracked 
|  51|0x0000000083300000, 0x0000000083300000, 0x0000000083400000|  0%| F|  |TAMS 0x0000000083300000, 0x0000000083300000| Untracked 
|  52|0x0000000083400000, 0x0000000083400000, 0x0000000083500000|  0%| F|  |TAMS 0x0000000083400000, 0x0000000083400000| Untracked 
|  53|0x0000000083500000, 0x0000000083500000, 0x0000000083600000|  0%| F|  |TAMS 0x0000000083500000, 0x0000000083500000| Untracked 
|  54|0x0000000083600000, 0x0000000083600000, 0x0000000083700000|  0%| F|  |TAMS 0x0000000083600000, 0x0000000083600000| Untracked 
|  55|0x0000000083700000, 0x0000000083700000, 0x0000000083800000|  0%| F|  |TAMS 0x0000000083700000, 0x0000000083700000| Untracked 
|  56|0x0000000083800000, 0x0000000083800000, 0x0000000083900000|  0%| F|  |TAMS 0x0000000083800000, 0x0000000083800000| Untracked 
|  57|0x0000000083900000, 0x0000000083900000, 0x0000000083a00000|  0%| F|  |TAMS 0x0000000083900000, 0x0000000083900000| Untracked 
|  58|0x0000000083a00000, 0x0000000083a00000, 0x0000000083b00000|  0%| F|  |TAMS 0x0000000083a00000, 0x0000000083a00000| Untracked 
|  59|0x0000000083b00000, 0x0000000083b00000, 0x0000000083c00000|  0%| F|  |TAMS 0x0000000083b00000, 0x0000000083b00000| Untracked 
|  60|0x0000000083c00000, 0x0000000083c00000, 0x0000000083d00000|  0%| F|  |TAMS 0x0000000083c00000, 0x0000000083c00000| Untracked 
|  61|0x0000000083d00000, 0x0000000083d00000, 0x0000000083e00000|  0%| F|  |TAMS 0x0000000083d00000, 0x0000000083d00000| Untracked 
|  62|0x0000000083e00000, 0x0000000083e00000, 0x0000000083f00000|  0%| F|  |TAMS 0x0000000083e00000, 0x0000000083e00000| Untracked 
|  63|0x0000000083f00000, 0x0000000083f00000, 0x0000000084000000|  0%| F|  |TAMS 0x0000000083f00000, 0x0000000083f00000| Untracked 
|  64|0x0000000084000000, 0x0000000084000000, 0x0000000084100000|  0%| F|  |TAMS 0x0000000084000000, 0x0000000084000000| Untracked 
|  65|0x0000000084100000, 0x0000000084100000, 0x0000000084200000|  0%| F|  |TAMS 0x0000000084100000, 0x0000000084100000| Untracked 
|  66|0x0000000084200000, 0x0000000084200000, 0x0000000084300000|  0%| F|  |TAMS 0x0000000084200000, 0x0000000084200000| Untracked 
|  67|0x0000000084300000, 0x0000000084300000, 0x0000000084400000|  0%| F|  |TAMS 0x0000000084300000, 0x0000000084300000| Untracked 
|  68|0x0000000084400000, 0x0000000084400000, 0x0000000084500000|  0%| F|  |TAMS 0x0000000084400000, 0x0000000084400000| Untracked 
|  69|0x0000000084500000, 0x0000000084500000, 0x0000000084600000|  0%| F|  |TAMS 0x0000000084500000, 0x0000000084500000| Untracked 
|  70|0x0000000084600000, 0x0000000084600000, 0x0000000084700000|  0%| F|  |TAMS 0x0000000084600000, 0x0000000084600000| Untracked 
|  71|0x0000000084700000, 0x0000000084700000, 0x0000000084800000|  0%| F|  |TAMS 0x0000000084700000, 0x0000000084700000| Untracked 
|  72|0x0000000084800000, 0x0000000084800000, 0x0000000084900000|  0%| F|  |TAMS 0x0000000084800000, 0x0000000084800000| Untracked 
|  73|0x0000000084900000, 0x0000000084900000, 0x0000000084a00000|  0%| F|  |TAMS 0x0000000084900000, 0x0000000084900000| Untracked 
|  74|0x0000000084a00000, 0x0000000084a00000, 0x0000000084b00000|  0%| F|  |TAMS 0x0000000084a00000, 0x0000000084a00000| Untracked 
|  75|0x0000000084b00000, 0x0000000084b00000, 0x0000000084c00000|  0%| F|  |TAMS 0x0000000084b00000, 0x0000000084b00000| Untracked 
|  76|0x0000000084c00000, 0x0000000084c00000, 0x0000000084d00000|  0%| F|  |TAMS 0x0000000084c00000, 0x0000000084c00000| Untracked 
|  77|0x0000000084d00000, 0x0000000084d00000, 0x0000000084e00000|  0%| F|  |TAMS 0x0000000084d00000, 0x0000000084d00000| Untracked 
|  78|0x0000000084e00000, 0x0000000084e00000, 0x0000000084f00000|  0%| F|  |TAMS 0x0000000084e00000, 0x0000000084e00000| Untracked 
|  79|0x0000000084f00000, 0x0000000084f00000, 0x0000000085000000|  0%| F|  |TAMS 0x0000000084f00000, 0x0000000084f00000| Untracked 
|  80|0x0000000085000000, 0x0000000085100000, 0x0000000085100000|100%| S|CS|TAMS 0x0000000085000000, 0x0000000085000000| Complete 
|  81|0x0000000085100000, 0x0000000085200000, 0x0000000085200000|100%| S|CS|TAMS 0x0000000085100000, 0x0000000085100000| Complete 
|  82|0x0000000085200000, 0x0000000085300000, 0x0000000085300000|100%| S|CS|TAMS 0x0000000085200000, 0x0000000085200000| Complete 
|  83|0x0000000085300000, 0x0000000085400000, 0x0000000085400000|100%| S|CS|TAMS 0x0000000085300000, 0x0000000085300000| Complete 
|  84|0x0000000085400000, 0x0000000085500000, 0x0000000085500000|100%| S|CS|TAMS 0x0000000085400000, 0x0000000085400000| Complete 
|  85|0x0000000085500000, 0x0000000085500000, 0x0000000085600000|  0%| F|  |TAMS 0x0000000085500000, 0x0000000085500000| Untracked 
|  86|0x0000000085600000, 0x0000000085600000, 0x0000000085700000|  0%| F|  |TAMS 0x0000000085600000, 0x0000000085600000| Untracked 
|  87|0x0000000085700000, 0x0000000085700000, 0x0000000085800000|  0%| F|  |TAMS 0x0000000085700000, 0x0000000085700000| Untracked 
|  88|0x0000000085800000, 0x0000000085800000, 0x0000000085900000|  0%| F|  |TAMS 0x0000000085800000, 0x0000000085800000| Untracked 
|  89|0x0000000085900000, 0x0000000085900000, 0x0000000085a00000|  0%| F|  |TAMS 0x0000000085900000, 0x0000000085900000| Untracked 
|  90|0x0000000085a00000, 0x0000000085a00000, 0x0000000085b00000|  0%| F|  |TAMS 0x0000000085a00000, 0x0000000085a00000| Untracked 
|  91|0x0000000085b00000, 0x0000000085b00000, 0x0000000085c00000|  0%| F|  |TAMS 0x0000000085b00000, 0x0000000085b00000| Untracked 
|  92|0x0000000085c00000, 0x0000000085c00000, 0x0000000085d00000|  0%| F|  |TAMS 0x0000000085c00000, 0x0000000085c00000| Untracked 
|  93|0x0000000085d00000, 0x0000000085d00000, 0x0000000085e00000|  0%| F|  |TAMS 0x0000000085d00000, 0x0000000085d00000| Untracked 
|  94|0x0000000085e00000, 0x0000000085e00000, 0x0000000085f00000|  0%| F|  |TAMS 0x0000000085e00000, 0x0000000085e00000| Untracked 
|  95|0x0000000085f00000, 0x0000000085f00000, 0x0000000086000000|  0%| F|  |TAMS 0x0000000085f00000, 0x0000000085f00000| Untracked 
|  96|0x0000000086000000, 0x0000000086000000, 0x0000000086100000|  0%| F|  |TAMS 0x0000000086000000, 0x0000000086000000| Untracked 
|  97|0x0000000086100000, 0x0000000086100000, 0x0000000086200000|  0%| F|  |TAMS 0x0000000086100000, 0x0000000086100000| Untracked 
|  98|0x0000000086200000, 0x0000000086200000, 0x0000000086300000|  0%| F|  |TAMS 0x0000000086200000, 0x0000000086200000| Untracked 
|  99|0x0000000086300000, 0x0000000086300000, 0x0000000086400000|  0%| F|  |TAMS 0x0000000086300000, 0x0000000086300000| Untracked 
| 100|0x0000000086400000, 0x0000000086400000, 0x0000000086500000|  0%| F|  |TAMS 0x0000000086400000, 0x0000000086400000| Untracked 
| 101|0x0000000086500000, 0x0000000086500000, 0x0000000086600000|  0%| F|  |TAMS 0x0000000086500000, 0x0000000086500000| Untracked 
| 102|0x0000000086600000, 0x0000000086600000, 0x0000000086700000|  0%| F|  |TAMS 0x0000000086600000, 0x0000000086600000| Untracked 
| 103|0x0000000086700000, 0x0000000086700000, 0x0000000086800000|  0%| F|  |TAMS 0x0000000086700000, 0x0000000086700000| Untracked 
| 104|0x0000000086800000, 0x0000000086800000, 0x0000000086900000|  0%| F|  |TAMS 0x0000000086800000, 0x0000000086800000| Untracked 
| 105|0x0000000086900000, 0x0000000086900000, 0x0000000086a00000|  0%| F|  |TAMS 0x0000000086900000, 0x0000000086900000| Untracked 
| 106|0x0000000086a00000, 0x0000000086a00000, 0x0000000086b00000|  0%| F|  |TAMS 0x0000000086a00000, 0x0000000086a00000| Untracked 
| 107|0x0000000086b00000, 0x0000000086b00000, 0x0000000086c00000|  0%| F|  |TAMS 0x0000000086b00000, 0x0000000086b00000| Untracked 
| 108|0x0000000086c00000, 0x0000000086c00000, 0x0000000086d00000|  0%| F|  |TAMS 0x0000000086c00000, 0x0000000086c00000| Untracked 
| 109|0x0000000086d00000, 0x0000000086d00000, 0x0000000086e00000|  0%| F|  |TAMS 0x0000000086d00000, 0x0000000086d00000| Untracked 
| 110|0x0000000086e00000, 0x0000000086e00000, 0x0000000086f00000|  0%| F|  |TAMS 0x0000000086e00000, 0x0000000086e00000| Untracked 
| 111|0x0000000086f00000, 0x0000000086f00000, 0x0000000087000000|  0%| F|  |TAMS 0x0000000086f00000, 0x0000000086f00000| Untracked 
| 112|0x0000000087000000, 0x0000000087000000, 0x0000000087100000|  0%| F|  |TAMS 0x0000000087000000, 0x0000000087000000| Untracked 
| 113|0x0000000087100000, 0x0000000087100000, 0x0000000087200000|  0%| F|  |TAMS 0x0000000087100000, 0x0000000087100000| Untracked 
| 114|0x0000000087200000, 0x0000000087200000, 0x0000000087300000|  0%| F|  |TAMS 0x0000000087200000, 0x0000000087200000| Untracked 
| 115|0x0000000087300000, 0x0000000087300000, 0x0000000087400000|  0%| F|  |TAMS 0x0000000087300000, 0x0000000087300000| Untracked 
| 116|0x0000000087400000, 0x0000000087400000, 0x0000000087500000|  0%| F|  |TAMS 0x0000000087400000, 0x0000000087400000| Untracked 
| 117|0x0000000087500000, 0x0000000087500000, 0x0000000087600000|  0%| F|  |TAMS 0x0000000087500000, 0x0000000087500000| Untracked 
| 118|0x0000000087600000, 0x0000000087600000, 0x0000000087700000|  0%| F|  |TAMS 0x0000000087600000, 0x0000000087600000| Untracked 
| 119|0x0000000087700000, 0x0000000087777fa0, 0x0000000087800000| 46%| E|  |TAMS 0x0000000087700000, 0x0000000087700000| Complete 
| 120|0x0000000087800000, 0x0000000087900000, 0x0000000087900000|100%| E|CS|TAMS 0x0000000087800000, 0x0000000087800000| Complete 
| 121|0x0000000087900000, 0x0000000087a00000, 0x0000000087a00000|100%| E|CS|TAMS 0x0000000087900000, 0x0000000087900000| Complete 

Card table byte_map: [0x00007fc6cccb1000,0x00007fc6cd0b1000] _byte_map_base: 0x00007fc6cc8b1000

Marking Bits (Prev, Next): (CMBitMap*) 0x00007fc6c8057778, (CMBitMap*) 0x00007fc6c80577b0
 Prev Bits: [0x00007fc6ae000000, 0x00007fc6b0000000)
 Next Bits: [0x00007fc6ac000000, 0x00007fc6ae000000)

Polling page: 0x00007fc6cdbde000

Metaspace:

Usage:
  Non-class:     14.62 MB capacity,    14.34 MB ( 98%) used,   254.16 KB (  2%) free+waste,    26.19 KB ( <1%) overhead. 
      Class:      1.98 MB capacity,     1.86 MB ( 94%) used,   103.06 KB (  5%) free+waste,    12.38 KB ( <1%) overhead. 
       Both:     16.59 MB capacity,    16.21 MB ( 98%) used,   357.23 KB (  2%) free+waste,    38.56 KB ( <1%) overhead. 

Virtual space:
  Non-class space:       16.00 MB reserved,      14.75 MB ( 92%) committed 
      Class space:        1.00 GB reserved,       2.00 MB ( <1%) committed 
             Both:        1.02 GB reserved,      16.75 MB (  2%) committed 

Chunk freelists:
   Non-Class:  99.00 KB
       Class:  24.00 KB
        Both:  123.00 KB

MaxMetaspaceSize: unlimited
CompressedClassSpaceSize: 1.00 GB
Initial GC threshold: 20.80 MB
Current GC threshold: 20.80 MB
CDS: off

CodeHeap 'non-profiled nmethods': size=120032Kb used=573Kb max_used=573Kb free=119458Kb
 bounds [0x00007fc6bcfe3000, 0x00007fc6bd253000, 0x00007fc6c451b000]
CodeHeap 'profiled nmethods': size=120032Kb used=2697Kb max_used=2697Kb free=117334Kb
 bounds [0x00007fc6b5aab000, 0x00007fc6b5d5b000, 0x00007fc6bcfe3000]
CodeHeap 'non-nmethods': size=5696Kb used=1183Kb max_used=1216Kb free=4512Kb
 bounds [0x00007fc6b551b000, 0x00007fc6b578b000, 0x00007fc6b5aab000]
 total_blobs=1934 nmethods=1483 adapters=365
 compilation: enabled
              stopped_count=0, restarted_count=0
 full_count=0

Compilation events (20 events):
Event: 7.866 Thread 0x00007fc6c8169000 1479       1       java.lang.ProcessEnvironment$ExternalData::toString (5 bytes)
Event: 7.867 Thread 0x00007fc6c8169000 nmethod 1479 0x00007fc6bd065290 code [0x00007fc6bd065440, 0x00007fc6bd0654f0]
Event: 7.867 Thread 0x00007fc6c8169000 1480       1       java.text.NumberFormat::isGroupingUsed (5 bytes)
Event: 7.867 Thread 0x00007fc6c8169000 nmethod 1480 0x00007fc6bd065590 code [0x00007fc6bd065740, 0x00007fc6bd0657f0]
Event: 7.867 Thread 0x00007fc6c8169000 1481       3       java.util.HashMap$EntryIterator::next (5 bytes)
Event: 7.867 Thread 0x00007fc6c8169000 nmethod 1481 0x00007fc6b5d44e10 code [0x00007fc6b5d44fe0, 0x00007fc6b5d45160]
Event: 7.867 Thread 0x00007fc6c8169000 1482       3       java.util.HashMap$EntryIterator::next (5 bytes)
Event: 7.867 Thread 0x00007fc6c8169000 nmethod 1482 0x00007fc6b5d45210 code [0x00007fc6b5d453c0, 0x00007fc6b5d454e0]
Event: 7.871 Thread 0x00007fc6c8169000 1483       1       java.lang.ProcessEnvironment$ExternalData::getBytes (5 bytes)
Event: 7.871 Thread 0x00007fc6c8169000 nmethod 1483 0x00007fc6bd065890 code [0x00007fc6bd065a40, 0x00007fc6bd065af0]
Event: 7.871 Thread 0x00007fc6c8169000 1484       3       java.util.Collections$UnmodifiableCollection::contains (11 bytes)
Event: 7.872 Thread 0x00007fc6c8169000 nmethod 1484 0x00007fc6b5d45590 code [0x00007fc6b5d45740, 0x00007fc6b5d45900]
Event: 7.872 Thread 0x00007fc6c8169000 1485       3       java.lang.Class::getReflectionFactory (26 bytes)
Event: 7.872 Thread 0x00007fc6c8169000 nmethod 1485 0x00007fc6b5d45a10 code [0x00007fc6b5d45c00, 0x00007fc6b5d45fc0]
Event: 7.872 Thread 0x00007fc6c8169000 1486   !   3       java.nio.charset.Charset::defaultCharset (53 bytes)
Event: 7.873 Thread 0x00007fc6c8169000 nmethod 1486 0x00007fc6b5d46110 code [0x00007fc6b5d46380, 0x00007fc6b5d46e40]
Event: 7.873 Thread 0x00007fc6c8169000 1488       3       java.lang.reflect.AccessibleObject::checkCanSetAccessible (386 bytes)
Event: 7.877 Thread 0x00007fc6c8169000 nmethod 1488 0x00007fc6b5d47190 code [0x00007fc6b5d47980, 0x00007fc6b5d4bbe0]
Event: 7.877 Thread 0x00007fc6c8169000 1487       3       java.lang.ProcessEnvironment$ExternalData::<init> (15 bytes)
Event: 7.877 Thread 0x00007fc6c8169000 nmethod 1487 0x00007fc6b5d4d210 code [0x00007fc6b5d4d3c0, 0x00007fc6b5d4d5d0]

GC Heap History (6 events):
Event: 0.730 GC heap before
{Heap before GC invocations=0 (full 0):
 garbage-first heap   total 124928K, used 19456K [0x0000000080000000, 0x0000000100000000)
  region size 1024K, 14 young (14336K), 0 survivors (0K)
 Metaspace       used 6615K, capacity 6809K, committed 7168K, reserved 1056768K
  class space    used 571K, capacity 650K, committed 768K, reserved 1048576K
}
Event: 0.741 GC heap after
{Heap after GC invocations=1 (full 0):
 garbage-first heap   total 124928K, used 7810K [0x0000000080000000, 0x0000000100000000)
  region size 1024K, 2 young (2048K), 2 survivors (2048K)
 Metaspace       used 6615K, capacity 6809K, committed 7168K, reserved 1056768K
  class space    used 571K, capacity 650K, committed 768K, reserved 1048576K
}
Event: 1.595 GC heap before
{Heap before GC invocations=1 (full 0):
 garbage-first heap   total 124928K, used 38530K [0x0000000080000000, 0x0000000100000000)
  region size 1024K, 32 young (32768K), 2 survivors (2048K)
 Metaspace       used 10680K, capacity 10894K, committed 11264K, reserved 1058816K
  class space    used 1118K, capacity 1207K, committed 1280K, reserved 1048576K
}
Event: 1.603 GC heap after
{Heap after GC invocations=2 (full 0):
 garbage-first heap   total 124928K, used 10137K [0x0000000080000000, 0x0000000100000000)
  region size 1024K, 4 young (4096K), 4 survivors (4096K)
 Metaspace       used 10680K, capacity 10894K, committed 11264K, reserved 1058816K
  class space    used 1118K, capacity 1207K, committed 1280K, reserved 1048576K
}
Event: 7.797 GC heap before
{Heap before GC invocations=2 (full 0):
 garbage-first heap   total 124928K, used 43929K [0x0000000080000000, 0x0000000100000000)
  region size 1024K, 37 young (37888K), 4 survivors (4096K)
 Metaspace       used 16030K, capacity 16414K, committed 16640K, reserved 1064960K
  class space    used 1839K, capacity 1959K, committed 2048K, reserved 1048576K
}
Event: 7.815 GC heap after
{Heap after GC invocations=3 (full 0):
 garbage-first heap   total 124928K, used 15500K [0x0000000080000000, 0x0000000100000000)
  region size 1024K, 5 young (5120K), 5 survivors (5120K)
 Metaspace       used 16030K, capacity 16414K, committed 16640K, reserved 1064960K
  class space    used 1839K, capacity 1959K, committed 2048K, reserved 1048576K
}

Deoptimization events (20 events):
Event: 7.458 Thread 0x00007fc6c8016800 DEOPT PACKING pc=0x00007fc6bd01a2f8 sp=0x00007fc6cdd43310
Event: 7.458 Thread 0x00007fc6c8016800 DEOPT UNPACKING pc=0x00007fc6b5564ea5 sp=0x00007fc6cdd432c0 mode 2
Event: 7.498 Thread 0x00007fc6c8016800 DEOPT PACKING pc=0x00007fc6b5b28508 sp=0x00007fc6cdd42ee0
Event: 7.499 Thread 0x00007fc6c8016800 DEOPT UNPACKING pc=0x00007fc6b556564a sp=0x00007fc6cdd42350 mode 0
Event: 7.510 Thread 0x00007fc6c8016800 DEOPT PACKING pc=0x00007fc6b5b7ef20 sp=0x00007fc6cdd43520
Event: 7.510 Thread 0x00007fc6c8016800 DEOPT UNPACKING pc=0x00007fc6b556564a sp=0x00007fc6cdd42a58 mode 0
Event: 7.572 Thread 0x00007fc6c8016800 Uncommon trap: trap_request=0xffffffc6 fr.pc=0x00007fc6bd043324 relative=0x0000000000000084
Event: 7.572 Thread 0x00007fc6c8016800 Uncommon trap: reason=bimorphic_or_optimized_type_check action=maybe_recompile pc=0x00007fc6bd043324 method=java.util.AbstractList$Itr.hasNext()Z @ 8 c2
Event: 7.572 Thread 0x00007fc6c8016800 DEOPT PACKING pc=0x00007fc6bd043324 sp=0x00007fc6cdd45f30
Event: 7.572 Thread 0x00007fc6c8016800 DEOPT UNPACKING pc=0x00007fc6b5564ea5 sp=0x00007fc6cdd45ee8 mode 2
Event: 7.576 Thread 0x00007fc6c8016800 Uncommon trap: trap_request=0xffffffc6 fr.pc=0x00007fc6bd019ff8 relative=0x0000000000001538
Event: 7.576 Thread 0x00007fc6c8016800 Uncommon trap: reason=bimorphic_or_optimized_type_check action=maybe_recompile pc=0x00007fc6bd019ff8 method=java.util.HashMap.putVal(ILjava/lang/Object;Ljava/lang/Object;ZZ)Ljava/lang/Object; @ 152 c2
Event: 7.576 Thread 0x00007fc6c8016800 DEOPT PACKING pc=0x00007fc6bd019ff8 sp=0x00007fc6cdd43730
Event: 7.576 Thread 0x00007fc6c8016800 DEOPT UNPACKING pc=0x00007fc6b5564ea5 sp=0x00007fc6cdd436c0 mode 2
Event: 7.627 Thread 0x00007fc6c8016800 Uncommon trap: trap_request=0xffffffc6 fr.pc=0x00007fc6bd043324 relative=0x0000000000000084
Event: 7.627 Thread 0x00007fc6c8016800 Uncommon trap: reason=bimorphic_or_optimized_type_check action=maybe_recompile pc=0x00007fc6bd043324 method=java.util.AbstractList$Itr.hasNext()Z @ 8 c2
Event: 7.627 Thread 0x00007fc6c8016800 DEOPT PACKING pc=0x00007fc6bd043324 sp=0x00007fc6cdd455a0
Event: 7.627 Thread 0x00007fc6c8016800 DEOPT UNPACKING pc=0x00007fc6b5564ea5 sp=0x00007fc6cdd45558 mode 2
Event: 7.682 Thread 0x00007fc6c8016800 DEOPT PACKING pc=0x00007fc6b5b446d9 sp=0x00007fc6cdd44c80
Event: 7.682 Thread 0x00007fc6c8016800 DEOPT UNPACKING pc=0x00007fc6b556564a sp=0x00007fc6cdd44140 mode 0

Classes redefined (0 events):
No events

Internal exceptions (10 events):
Event: 0.409 Thread 0x00007fc6c8016800 Exception <a 'java/lang/NoSuchMethodError'{0x0000000087705aa8}: 'int java.lang.invoke.DirectMethodHandle$Holder.invokeStaticInit(java.lang.Object, java.lang.Object)'> (0x0000000087705aa8) thrown at [src/hotspot/share/interpreter/linkResolver.cpp, line 773]
Event: 0.451 Thread 0x00007fc6c8016800 Exception <a 'java/lang/NoSuchMethodError'{0x00000000877e3758}: 'int java.lang.invoke.DirectMethodHandle$Holder.invokeSpecial(java.lang.Object, java.lang.Object, java.lang.Object, java.lang.Object)'> (0x00000000877e3758) thrown at [src/hotspot/share/interpreter/linkResolver.cpp, line 773]
Event: 0.459 Thread 0x00007fc6c8016800 Exception <a 'java/lang/NoSuchMethodError'{0x000000008761c800}: 'int java.lang.invoke.DirectMethodHandle$Holder.invokeSpecialIFC(java.lang.Object, java.lang.Object, int)'> (0x000000008761c800) thrown at [src/hotspot/share/interpreter/linkResolver.cpp, line 773]
Event: 0.785 Thread 0x00007fc6c8016800 Exception <a 'java/lang/NoClassDefFoundError'{0x00000000879ac350}: org/slf4j/impl/StaticMarkerBinder> (0x00000000879ac350) thrown at [src/hotspot/share/classfile/systemDictionary.cpp, line 220]
Event: 1.046 Thread 0x00007fc6c8016800 Exception <a 'java/lang/NoSuchMethodError'{0x00000000876bfbf8}: 'java.lang.Object java.lang.invoke.DirectMethodHandle$Holder.invokeVirtual(java.lang.Object, java.lang.Object, java.lang.Object, java.lang.Object, java.lang.Object, java.lang.Object, java.lang.Object)'> (0x00000000876bfbf8) thrown at [src/hotspot/share/interpreter/linkResolver.cpp, line 773]
Event: 1.051 Thread 0x00007fc6c8016800 Exception <a 'java/lang/NoSuchMethodError'{0x00000000876d4018}: 'java.lang.Object java.lang.invoke.Invokers$Holder.invoker(java.lang.Object, java.lang.Object, java.lang.Object)'> (0x00000000876d4018) thrown at [src/hotspot/share/interpreter/linkResolver.cpp, line 773]
Event: 1.063 Thread 0x00007fc6c8016800 Exception <a 'java/lang/NoSuchMethodError'{0x00000000876e5090}: 'void java.lang.invoke.DelegatingMethodHandle$Holder.delegate(java.lang.Object, java.lang.Object, int, java.lang.Object)'> (0x00000000876e5090) thrown at [src/hotspot/share/interpreter/linkResolver.cpp, line 773]
Event: 1.649 Thread 0x00007fc6c8016800 Exception <a 'java/security/PrivilegedActionException'{0x00000000871cac60}> (0x00000000871cac60) thrown at [src/hotspot/share/prims/jvm.cpp, line 1306]
Event: 1.649 Thread 0x00007fc6c8016800 Exception <a 'java/security/PrivilegedActionException'{0x00000000871cb1d8}> (0x00000000871cb1d8) thrown at [src/hotspot/share/prims/jvm.cpp, line 1306]
Event: 7.181 Thread 0x00007fc6c8016800 Exception <a 'java/lang/NoSuchMethodError'{0x0000000086136498}: 'java.lang.Object java.lang.invoke.DirectMethodHandle$Holder.invokeStaticInit(java.lang.Object, java.lang.Object, java.lang.Object)'> (0x0000000086136498) thrown at [src/hotspot/share/interpreter/linkResolver.cpp, line 773]

Events (20 events):
Event: 7.873 loading class org/gradle/launcher/daemon/server/exec/LogToClient$AsynchronousLogDispatcher
Event: 7.873 loading class org/gradle/launcher/daemon/server/exec/LogToClient$AsynchronousLogDispatcher done
Event: 7.873 Executing VM operation: RevokeBias
Event: 7.874 Executing VM operation: RevokeBias done
Event: 7.874 loading class java/util/concurrent/CountDownLatch
Event: 7.874 loading class java/util/concurrent/CountDownLatch done
Event: 7.874 loading class java/util/concurrent/CountDownLatch$Sync
Event: 7.874 loading class java/util/concurrent/CountDownLatch$Sync done
Event: 7.874 loading class org/gradle/launcher/daemon/server/exec/LogToClient$AsynchronousLogDispatcher$1
Event: 7.874 loading class org/gradle/launcher/daemon/server/exec/LogToClient$AsynchronousLogDispatcher$1 done
Event: 7.875 Thread 0x00007fc644005000 Thread added: 0x00007fc644005000
Event: 7.875 Protecting memory [0x00007fc6a0050000,0x00007fc6a0054000] with protection modes 0
Event: 7.875 loading class org/gradle/internal/util/NumberUtil
Event: 7.875 loading class org/gradle/internal/util/NumberUtil done
Event: 7.876 loading class java/math/MathContext
Event: 7.876 loading class java/math/MathContext done
Event: 7.877 loading class java/math/BigDecimal
Event: 7.879 loading class java/math/BigDecimal done
Event: 7.880 loading class java/math/BigDecimal$1
Event: 7.880 loading class java/math/BigDecimal$1 done


Dynamic libraries:
00200000-00201000 r--p 00000000 08:15 4329872                            /opt/android-studio-2021.2.1/android-studio/jre/bin/java
00201000-00202000 r-xp 00000000 08:15 4329872                            /opt/android-studio-2021.2.1/android-studio/jre/bin/java
00202000-00203000 r--p 00000000 08:15 4329872                            /opt/android-studio-2021.2.1/android-studio/jre/bin/java
00203000-00204000 rw-p 00000000 08:15 4329872                            /opt/android-studio-2021.2.1/android-studio/jre/bin/java
01fbf000-01fe0000 rw-p 00000000 00:00 0                                  [heap]
80000000-87a00000 rw-p 00000000 00:00 0 
87a00000-100000000 ---p 00000000 00:00 0 
100000000-100200000 rw-p 00000000 00:00 0 
100200000-140000000 ---p 00000000 00:00 0 
7fc643db5000-7fc644000000 rw-p 00000000 00:00 0 
7fc644000000-7fc644155000 rw-p 00000000 00:00 0 
7fc644155000-7fc648000000 ---p 00000000 00:00 0 
7fc648000000-7fc648021000 rw-p 00000000 00:00 0 
7fc648021000-7fc64c000000 ---p 00000000 00:00 0 
7fc64c000000-7fc64c036000 rw-p 00000000 00:00 0 
7fc64c036000-7fc650000000 ---p 00000000 00:00 0 
7fc650000000-7fc650021000 rw-p 00000000 00:00 0 
7fc650021000-7fc654000000 ---p 00000000 00:00 0 
7fc654000000-7fc654021000 rw-p 00000000 00:00 0 
7fc654021000-7fc658000000 ---p 00000000 00:00 0 
7fc658000000-7fc658021000 rw-p 00000000 00:00 0 
7fc658021000-7fc65c000000 ---p 00000000 00:00 0 
7fc65c000000-7fc65c021000 rw-p 00000000 00:00 0 
7fc65c021000-7fc660000000 ---p 00000000 00:00 0 
7fc660000000-7fc660021000 rw-p 00000000 00:00 0 
7fc660021000-7fc664000000 ---p 00000000 00:00 0 
7fc664000000-7fc664023000 rw-p 00000000 00:00 0 
7fc664023000-7fc668000000 ---p 00000000 00:00 0 
7fc668000000-7fc668053000 rw-p 00000000 00:00 0 
7fc668053000-7fc66c000000 ---p 00000000 00:00 0 
7fc66c000000-7fc66c021000 rw-p 00000000 00:00 0 
7fc66c021000-7fc670000000 ---p 00000000 00:00 0 
7fc670000000-7fc670021000 rw-p 00000000 00:00 0 
7fc670021000-7fc674000000 ---p 00000000 00:00 0 
7fc674000000-7fc674021000 rw-p 00000000 00:00 0 
7fc674021000-7fc678000000 ---p 00000000 00:00 0 
7fc678000000-7fc678021000 rw-p 00000000 00:00 0 
7fc678021000-7fc67c000000 ---p 00000000 00:00 0 
7fc67c000000-7fc67ce46000 rw-p 00000000 00:00 0 
7fc67ce46000-7fc680000000 ---p 00000000 00:00 0 
7fc680000000-7fc6803f8000 rw-p 00000000 00:00 0 
7fc6803f8000-7fc684000000 ---p 00000000 00:00 0 
7fc684000000-7fc684021000 rw-p 00000000 00:00 0 
7fc684021000-7fc688000000 ---p 00000000 00:00 0 
7fc688000000-7fc688021000 rw-p 00000000 00:00 0 
7fc688021000-7fc68c000000 ---p 00000000 00:00 0 
7fc68c000000-7fc68c021000 rw-p 00000000 00:00 0 
7fc68c021000-7fc690000000 ---p 00000000 00:00 0 
7fc690000000-7fc690021000 rw-p 00000000 00:00 0 
7fc690021000-7fc694000000 ---p 00000000 00:00 0 
7fc694000000-7fc694021000 rw-p 00000000 00:00 0 
7fc694021000-7fc698000000 ---p 00000000 00:00 0 
7fc698000000-7fc6980a0000 rw-p 00000000 00:00 0 
7fc6980a0000-7fc69c000000 ---p 00000000 00:00 0 
7fc69c000000-7fc69c021000 rw-p 00000000 00:00 0 
7fc69c021000-7fc6a0000000 ---p 00000000 00:00 0 
7fc6a0050000-7fc6a0054000 ---p 00000000 00:00 0 
7fc6a0054000-7fc6a0151000 rw-p 00000000 00:00 0 
7fc6a0151000-7fc6a0155000 ---p 00000000 00:00 0 
7fc6a0155000-7fc6a0252000 rw-p 00000000 00:00 0 
7fc6a0252000-7fc6a0256000 ---p 00000000 00:00 0 
7fc6a0256000-7fc6a0353000 rw-p 00000000 00:00 0 
7fc6a0353000-7fc6a0357000 ---p 00000000 00:00 0 
7fc6a0357000-7fc6a0454000 rw-p 00000000 00:00 0 
7fc6a0454000-7fc6a0455000 ---p 00000000 00:00 0 
7fc6a0455000-7fc6a0556000 rw-p 00000000 00:00 0 
7fc6a0556000-7fc6a0557000 ---p 00000000 00:00 0 
7fc6a0557000-7fc6a0658000 rw-p 00000000 00:00 0 
7fc6a0658000-7fc6a065c000 ---p 00000000 00:00 0 
7fc6a065c000-7fc6a0819000 rw-p 00000000 00:00 0 
7fc6a0819000-7fc6a0959000 ---p 00000000 00:00 0 
7fc6a0959000-7fc6a095d000 ---p 00000000 00:00 0 
7fc6a095d000-7fc6a0a5a000 rw-p 00000000 00:00 0 
7fc6a0a5a000-7fc6a0a5e000 ---p 00000000 00:00 0 
7fc6a0a5e000-7fc6a0d5b000 rw-p 00000000 00:00 0 
7fc6a0d5b000-7fc6a0d5f000 ---p 00000000 00:00 0 
7fc6a0d5f000-7fc6a105c000 rw-p 00000000 00:00 0 
7fc6a105c000-7fc6a125c000 rw-p 00000000 00:00 0 
7fc6a125c000-7fc6a125f000 r--p 00000000 08:15 5906047                    /usr/lib/x86_64-linux-gnu/libgcc_s.so.1
7fc6a125f000-7fc6a1271000 r-xp 00003000 08:15 5906047                    /usr/lib/x86_64-linux-gnu/libgcc_s.so.1
7fc6a1271000-7fc6a1275000 r--p 00015000 08:15 5906047                    /usr/lib/x86_64-linux-gnu/libgcc_s.so.1
7fc6a1275000-7fc6a1276000 r--p 00018000 08:15 5906047                    /usr/lib/x86_64-linux-gnu/libgcc_s.so.1
7fc6a1276000-7fc6a1277000 rw-p 00019000 08:15 5906047                    /usr/lib/x86_64-linux-gnu/libgcc_s.so.1
7fc6a1277000-7fc6a130d000 r--p 00000000 08:15 5906850                    /usr/lib/x86_64-linux-gnu/libstdc++.so.6.0.28
7fc6a130d000-7fc6a13fe000 r-xp 00096000 08:15 5906850                    /usr/lib/x86_64-linux-gnu/libstdc++.so.6.0.28
7fc6a13fe000-7fc6a1447000 r--p 00187000 08:15 5906850                    /usr/lib/x86_64-linux-gnu/libstdc++.so.6.0.28
7fc6a1447000-7fc6a1448000 ---p 001d0000 08:15 5906850                    /usr/lib/x86_64-linux-gnu/libstdc++.so.6.0.28
7fc6a1448000-7fc6a1453000 r--p 001d0000 08:15 5906850                    /usr/lib/x86_64-linux-gnu/libstdc++.so.6.0.28
7fc6a1453000-7fc6a1456000 rw-p 001db000 08:15 5906850                    /usr/lib/x86_64-linux-gnu/libstdc++.so.6.0.28
7fc6a1456000-7fc6a1459000 rw-p 00000000 00:00 0 
7fc6a146b000-7fc6a14bc000 r-xp 00000000 08:15 2370160                    /home/thoma/.gradle/native/5664cfc778a61ccfe75a443a1ab52a65af34e5dc3c78e0209fed803814484fcb/linux-amd64/libnative-platform-file-events.so
7fc6a14bc000-7fc6a16bc000 ---p 00051000 08:15 2370160                    /home/thoma/.gradle/native/5664cfc778a61ccfe75a443a1ab52a65af34e5dc3c78e0209fed803814484fcb/linux-amd64/libnative-platform-file-events.so
7fc6a16bc000-7fc6a16bd000 r--p 00051000 08:15 2370160                    /home/thoma/.gradle/native/5664cfc778a61ccfe75a443a1ab52a65af34e5dc3c78e0209fed803814484fcb/linux-amd64/libnative-platform-file-events.so
7fc6a16bd000-7fc6a16bf000 rw-p 00052000 08:15 2370160                    /home/thoma/.gradle/native/5664cfc778a61ccfe75a443a1ab52a65af34e5dc3c78e0209fed803814484fcb/linux-amd64/libnative-platform-file-events.so
7fc6a16bf000-7fc6a16c4000 r-xp 00000000 08:15 6048487                    /home/thoma/.gradle/native/e1d6ef7f7dcc3fd88c89a11ec53ec762bb8ba0a96d01ffa2cd45eb1d1d8dd5c5/linux-amd64/libnative-platform.so
7fc6a16c4000-7fc6a18c4000 ---p 00005000 08:15 6048487                    /home/thoma/.gradle/native/e1d6ef7f7dcc3fd88c89a11ec53ec762bb8ba0a96d01ffa2cd45eb1d1d8dd5c5/linux-amd64/libnative-platform.so
7fc6a18c4000-7fc6a18c5000 r--p 00005000 08:15 6048487                    /home/thoma/.gradle/native/e1d6ef7f7dcc3fd88c89a11ec53ec762bb8ba0a96d01ffa2cd45eb1d1d8dd5c5/linux-amd64/libnative-platform.so
7fc6a18c5000-7fc6a18c6000 rw-p 00006000 08:15 6048487                    /home/thoma/.gradle/native/e1d6ef7f7dcc3fd88c89a11ec53ec762bb8ba0a96d01ffa2cd45eb1d1d8dd5c5/linux-amd64/libnative-platform.so
7fc6a18c6000-7fc6a18c7000 ---p 00000000 00:00 0 
7fc6a18c7000-7fc6a19f9000 rw-p 00000000 00:00 0 
7fc6a19f9000-7fc6a19fa000 ---p 00000000 00:00 0 
7fc6a19fa000-7fc6a1afb000 rw-p 00000000 00:00 0 
7fc6a1afb000-7fc6a1aff000 ---p 00000000 00:00 0 
7fc6a1aff000-7fc6a1bfc000 rw-p 00000000 00:00 0 
7fc6a1bfc000-7fc6a1c00000 ---p 00000000 00:00 0 
7fc6a1c00000-7fc6a1cfd000 rw-p 00000000 00:00 0 
7fc6a1cfd000-7fc6a1d01000 ---p 00000000 00:00 0 
7fc6a1d01000-7fc6a1dfe000 rw-p 00000000 00:00 0 
7fc6a1dfe000-7fc6a1e02000 ---p 00000000 00:00 0 
7fc6a1e02000-7fc6a1eff000 rw-p 00000000 00:00 0 
7fc6a1eff000-7fc6a1f03000 ---p 00000000 00:00 0 
7fc6a1f03000-7fc6a4000000 rw-p 00000000 00:00 0 
7fc6a4000000-7fc6a4021000 rw-p 00000000 00:00 0 
7fc6a4021000-7fc6a8000000 ---p 00000000 00:00 0 
7fc6a8000000-7fc6a8021000 rw-p 00000000 00:00 0 
7fc6a8021000-7fc6ac000000 ---p 00000000 00:00 0 
7fc6ac000000-7fc6ac1e8000 rw-p 00000000 00:00 0 
7fc6ac1e8000-7fc6ae000000 ---p 00000000 00:00 0 
7fc6ae000000-7fc6ae1e8000 rw-p 00000000 00:00 0 
7fc6ae1e8000-7fc6b0000000 ---p 00000000 00:00 0 
7fc6b0000000-7fc6b0021000 rw-p 00000000 00:00 0 
7fc6b0021000-7fc6b4000000 ---p 00000000 00:00 0 
7fc6b4005000-7fc6b400c000 r--s 00000000 08:15 6428113                    /usr/lib/x86_64-linux-gnu/gconv/gconv-modules.cache
7fc6b400c000-7fc6b400d000 r--p 00000000 08:15 4076356                    /opt/android-studio-2021.2.1/android-studio/jre/lib/libextnet.so
7fc6b400d000-7fc6b400f000 r-xp 00000000 08:15 4076356                    /opt/android-studio-2021.2.1/android-studio/jre/lib/libextnet.so
7fc6b400f000-7fc6b4010000 r--p 00001000 08:15 4076356                    /opt/android-studio-2021.2.1/android-studio/jre/lib/libextnet.so
7fc6b4010000-7fc6b4011000 rw-p 00001000 08:15 4076356                    /opt/android-studio-2021.2.1/android-studio/jre/lib/libextnet.so
7fc6b4011000-7fc6b4018000 r--p 00000000 08:15 4076369                    /opt/android-studio-2021.2.1/android-studio/jre/lib/libnet.so
7fc6b4018000-7fc6b4026000 r-xp 00006000 08:15 4076369                    /opt/android-studio-2021.2.1/android-studio/jre/lib/libnet.so
7fc6b4026000-7fc6b4027000 r--p 00013000 08:15 4076369                    /opt/android-studio-2021.2.1/android-studio/jre/lib/libnet.so
7fc6b4027000-7fc6b4029000 rw-p 00013000 08:15 4076369                    /opt/android-studio-2021.2.1/android-studio/jre/lib/libnet.so
7fc6b4029000-7fc6b402d000 ---p 00000000 00:00 0 
7fc6b402d000-7fc6b412a000 rw-p 00000000 00:00 0 
7fc6b412a000-7fc6b4913000 r--p 00000000 08:15 5899041                    /usr/lib/locale/locale-archive
7fc6b4913000-7fc6b4917000 ---p 00000000 00:00 0 
7fc6b4917000-7fc6b4a14000 rw-p 00000000 00:00 0 
7fc6b4a14000-7fc6b4a18000 ---p 00000000 00:00 0 
7fc6b4a18000-7fc6b4b15000 rw-p 00000000 00:00 0 
7fc6b4b15000-7fc6b4b16000 ---p 00000000 00:00 0 
7fc6b4b16000-7fc6b551b000 rw-p 00000000 00:00 0 
7fc6b551b000-7fc6b578b000 rwxp 00000000 00:00 0 
7fc6b578b000-7fc6b5aab000 ---p 00000000 00:00 0 
7fc6b5aab000-7fc6b5d5b000 rwxp 00000000 00:00 0 
7fc6b5d5b000-7fc6bcfe3000 ---p 00000000 00:00 0 
7fc6bcfe3000-7fc6bd253000 rwxp 00000000 00:00 0 
7fc6bd253000-7fc6c451b000 ---p 00000000 00:00 0 
7fc6c451b000-7fc6c8000000 r--s 00000000 08:15 4076344                    /opt/android-studio-2021.2.1/android-studio/jre/lib/modules
7fc6c8000000-7fc6c948f000 rw-p 00000000 00:00 0 
7fc6c948f000-7fc6cc000000 ---p 00000000 00:00 0 
7fc6cc004000-7fc6cc007000 r--p 00000000 08:15 4076333                    /opt/android-studio-2021.2.1/android-studio/jre/lib/libmanagement_ext.so
7fc6cc007000-7fc6cc00a000 r-xp 00002000 08:15 4076333                    /opt/android-studio-2021.2.1/android-studio/jre/lib/libmanagement_ext.so
7fc6cc00a000-7fc6cc00b000 r--p 00004000 08:15 4076333                    /opt/android-studio-2021.2.1/android-studio/jre/lib/libmanagement_ext.so
7fc6cc00b000-7fc6cc00c000 rw-p 00004000 08:15 4076333                    /opt/android-studio-2021.2.1/android-studio/jre/lib/libmanagement_ext.so
7fc6cc00c000-7fc6cc014000 r--p 00000000 08:15 4076340                    /opt/android-studio-2021.2.1/android-studio/jre/lib/libnio.so
7fc6cc014000-7fc6cc01b000 r-xp 00007000 08:15 4076340                    /opt/android-studio-2021.2.1/android-studio/jre/lib/libnio.so
7fc6cc01b000-7fc6cc01d000 r--p 0000d000 08:15 4076340                    /opt/android-studio-2021.2.1/android-studio/jre/lib/libnio.so
7fc6cc01d000-7fc6cc01e000 rw-p 0000e000 08:15 4076340                    /opt/android-studio-2021.2.1/android-studio/jre/lib/libnio.so
7fc6cc01e000-7fc6cc060000 rw-p 00000000 00:00 0 
7fc6cc060000-7fc6cc061000 ---p 00000000 00:00 0 
7fc6cc061000-7fc6cc162000 rw-p 00000000 00:00 0 
7fc6cc162000-7fc6cc163000 ---p 00000000 00:00 0 
7fc6cc163000-7fc6cc668000 rw-p 00000000 00:00 0 
7fc6cc668000-7fc6cc669000 ---p 00000000 00:00 0 
7fc6cc669000-7fc6cc76a000 rw-p 00000000 00:00 0 
7fc6cc76a000-7fc6cc76b000 ---p 00000000 00:00 0 
7fc6cc76b000-7fc6cc8ee000 rw-p 00000000 00:00 0 
7fc6cc8ee000-7fc6cccb1000 ---p 00000000 00:00 0 
7fc6cccb1000-7fc6cccee000 rw-p 00000000 00:00 0 
7fc6cccee000-7fc6cd0b1000 ---p 00000000 00:00 0 
7fc6cd0b1000-7fc6cd0ee000 rw-p 00000000 00:00 0 
7fc6cd0ee000-7fc6cd4b1000 ---p 00000000 00:00 0 
7fc6cd4b1000-7fc6cd8b5000 rw-p 00000000 00:00 0 
7fc6cd8b5000-7fc6cd8b6000 ---p 00000000 00:00 0 
7fc6cd8b6000-7fc6cd9bc000 rw-p 00000000 00:00 0 
7fc6cd9bc000-7fc6cdaa2000 ---p 00000000 00:00 0 
7fc6cdaa2000-7fc6cdaa8000 rw-p 00000000 00:00 0 
7fc6cdaa8000-7fc6cdb8d000 ---p 00000000 00:00 0 
7fc6cdb8d000-7fc6cdb92000 rw-p 00000000 00:00 0 
7fc6cdb92000-7fc6cdb99000 ---p 00000000 00:00 0 
7fc6cdb99000-7fc6cdba2000 r--p 00000000 08:15 4076364                    /opt/android-studio-2021.2.1/android-studio/jre/lib/libzip.so
7fc6cdba2000-7fc6cdbb6000 r-xp 00008000 08:15 4076364                    /opt/android-studio-2021.2.1/android-studio/jre/lib/libzip.so
7fc6cdbb6000-7fc6cdbb7000 r--p 0001b000 08:15 4076364                    /opt/android-studio-2021.2.1/android-studio/jre/lib/libzip.so
7fc6cdbb7000-7fc6cdbb8000 rw-p 0001b000 08:15 4076364                    /opt/android-studio-2021.2.1/android-studio/jre/lib/libzip.so
7fc6cdbb8000-7fc6cdbbb000 r--p 00000000 08:15 5904476                    /usr/lib/x86_64-linux-gnu/libnss_files-2.31.so
7fc6cdbbb000-7fc6cdbc2000 r-xp 00003000 08:15 5904476                    /usr/lib/x86_64-linux-gnu/libnss_files-2.31.so
7fc6cdbc2000-7fc6cdbc4000 r--p 0000a000 08:15 5904476                    /usr/lib/x86_64-linux-gnu/libnss_files-2.31.so
7fc6cdbc4000-7fc6cdbc5000 r--p 0000b000 08:15 5904476                    /usr/lib/x86_64-linux-gnu/libnss_files-2.31.so
7fc6cdbc5000-7fc6cdbc6000 rw-p 0000c000 08:15 5904476                    /usr/lib/x86_64-linux-gnu/libnss_files-2.31.so
7fc6cdbc6000-7fc6cdbcc000 rw-p 00000000 00:00 0 
7fc6cdbcf000-7fc6cdbd2000 r--p 00000000 08:15 4076332                    /opt/android-studio-2021.2.1/android-studio/jre/lib/libmanagement.so
7fc6cdbd2000-7fc6cdbd4000 r-xp 00002000 08:15 4076332                    /opt/android-studio-2021.2.1/android-studio/jre/lib/libmanagement.so
7fc6cdbd4000-7fc6cdbd5000 r--p 00003000 08:15 4076332                    /opt/android-studio-2021.2.1/android-studio/jre/lib/libmanagement.so
7fc6cdbd5000-7fc6cdbd6000 rw-p 00003000 08:15 4076332                    /opt/android-studio-2021.2.1/android-studio/jre/lib/libmanagement.so
7fc6cdbd6000-7fc6cdbde000 rw-s 00000000 08:15 2623415                    /tmp/hsperfdata_thoma/7409
7fc6cdbde000-7fc6cdbdf000 ---p 00000000 00:00 0 
7fc6cdbdf000-7fc6cdbe0000 r--p 00000000 00:00 0 
7fc6cdbe0000-7fc6cdbeb000 r--p 00000000 08:15 4076337                    /opt/android-studio-2021.2.1/android-studio/jre/lib/libjimage.so
7fc6cdbeb000-7fc6cdbfd000 r-xp 0000a000 08:15 4076337                    /opt/android-studio-2021.2.1/android-studio/jre/lib/libjimage.so
7fc6cdbfd000-7fc6cdc00000 r--p 0001b000 08:15 4076337                    /opt/android-studio-2021.2.1/android-studio/jre/lib/libjimage.so
7fc6cdc00000-7fc6cdc01000 rw-p 0001d000 08:15 4076337                    /opt/android-studio-2021.2.1/android-studio/jre/lib/libjimage.so
7fc6cdc01000-7fc6cdc13000 rw-p 00000000 00:00 0 
7fc6cdc13000-7fc6cdc25000 r--p 00000000 08:15 4076350                    /opt/android-studio-2021.2.1/android-studio/jre/lib/libjava.so
7fc6cdc25000-7fc6cdc3a000 r-xp 00011000 08:15 4076350                    /opt/android-studio-2021.2.1/android-studio/jre/lib/libjava.so
7fc6cdc3a000-7fc6cdc3b000 r--p 00025000 08:15 4076350                    /opt/android-studio-2021.2.1/android-studio/jre/lib/libjava.so
7fc6cdc3b000-7fc6cdc3d000 rw-p 00025000 08:15 4076350                    /opt/android-studio-2021.2.1/android-studio/jre/lib/libjava.so
7fc6cdc3d000-7fc6cdc3f000 r--p 00000000 08:15 5908478                    /usr/lib/x86_64-linux-gnu/librt-2.31.so
7fc6cdc3f000-7fc6cdc43000 r-xp 00002000 08:15 5908478                    /usr/lib/x86_64-linux-gnu/librt-2.31.so
7fc6cdc43000-7fc6cdc45000 r--p 00006000 08:15 5908478                    /usr/lib/x86_64-linux-gnu/librt-2.31.so
7fc6cdc45000-7fc6cdc46000 r--p 00007000 08:15 5908478                    /usr/lib/x86_64-linux-gnu/librt-2.31.so
7fc6cdc46000-7fc6cdc47000 rw-p 00008000 08:15 5908478                    /usr/lib/x86_64-linux-gnu/librt-2.31.so
7fc6cdc47000-7fc6cdc4b000 ---p 00000000 00:00 0 
7fc6cdc4b000-7fc6cdd48000 rw-p 00000000 00:00 0 
7fc6cdd48000-7fc6cdd55000 r--p 00000000 08:15 5904464                    /usr/lib/x86_64-linux-gnu/libm-2.31.so
7fc6cdd55000-7fc6cddfc000 r-xp 0000d000 08:15 5904464                    /usr/lib/x86_64-linux-gnu/libm-2.31.so
7fc6cddfc000-7fc6cde95000 r--p 000b4000 08:15 5904464                    /usr/lib/x86_64-linux-gnu/libm-2.31.so
7fc6cde95000-7fc6cde96000 r--p 0014c000 08:15 5904464                    /usr/lib/x86_64-linux-gnu/libm-2.31.so
7fc6cde96000-7fc6cde97000 rw-p 0014d000 08:15 5904464                    /usr/lib/x86_64-linux-gnu/libm-2.31.so
7fc6cde97000-7fc6ce3b0000 r--p 00000000 08:15 4329847                    /opt/android-studio-2021.2.1/android-studio/jre/lib/server/libjvm.so
7fc6ce3b0000-7fc6cedf4000 r-xp 00518000 08:15 4329847                    /opt/android-studio-2021.2.1/android-studio/jre/lib/server/libjvm.so
7fc6cedf4000-7fc6ceebc000 r--p 00f5b000 08:15 4329847                    /opt/android-studio-2021.2.1/android-studio/jre/lib/server/libjvm.so
7fc6ceebc000-7fc6ceef4000 rw-p 01022000 08:15 4329847                    /opt/android-studio-2021.2.1/android-studio/jre/lib/server/libjvm.so
7fc6ceef4000-7fc6cef5e000 rw-p 00000000 00:00 0 
7fc6cef5e000-7fc6cef80000 r--p 00000000 08:15 5904460                    /usr/lib/x86_64-linux-gnu/libc-2.31.so
7fc6cef80000-7fc6cf0f8000 r-xp 00022000 08:15 5904460                    /usr/lib/x86_64-linux-gnu/libc-2.31.so
7fc6cf0f8000-7fc6cf146000 r--p 0019a000 08:15 5904460                    /usr/lib/x86_64-linux-gnu/libc-2.31.so
7fc6cf146000-7fc6cf14a000 r--p 001e7000 08:15 5904460                    /usr/lib/x86_64-linux-gnu/libc-2.31.so
7fc6cf14a000-7fc6cf14c000 rw-p 001eb000 08:15 5904460                    /usr/lib/x86_64-linux-gnu/libc-2.31.so
7fc6cf14c000-7fc6cf150000 rw-p 00000000 00:00 0 
7fc6cf150000-7fc6cf151000 r--p 00000000 08:15 5904462                    /usr/lib/x86_64-linux-gnu/libdl-2.31.so
7fc6cf151000-7fc6cf153000 r-xp 00001000 08:15 5904462                    /usr/lib/x86_64-linux-gnu/libdl-2.31.so
7fc6cf153000-7fc6cf154000 r--p 00003000 08:15 5904462                    /usr/lib/x86_64-linux-gnu/libdl-2.31.so
7fc6cf154000-7fc6cf155000 r--p 00003000 08:15 5904462                    /usr/lib/x86_64-linux-gnu/libdl-2.31.so
7fc6cf155000-7fc6cf156000 rw-p 00004000 08:15 5904462                    /usr/lib/x86_64-linux-gnu/libdl-2.31.so
7fc6cf156000-7fc6cf15e000 r--p 00000000 08:15 4076330                    /opt/android-studio-2021.2.1/android-studio/jre/lib/jli/libjli.so
7fc6cf15e000-7fc6cf16d000 r-xp 00007000 08:15 4076330                    /opt/android-studio-2021.2.1/android-studio/jre/lib/jli/libjli.so
7fc6cf16d000-7fc6cf16e000 r--p 00015000 08:15 4076330                    /opt/android-studio-2021.2.1/android-studio/jre/lib/jli/libjli.so
7fc6cf16e000-7fc6cf170000 rw-p 00015000 08:15 4076330                    /opt/android-studio-2021.2.1/android-studio/jre/lib/jli/libjli.so
7fc6cf170000-7fc6cf176000 r--p 00000000 08:15 5908476                    /usr/lib/x86_64-linux-gnu/libpthread-2.31.so
7fc6cf176000-7fc6cf187000 r-xp 00006000 08:15 5908476                    /usr/lib/x86_64-linux-gnu/libpthread-2.31.so
7fc6cf187000-7fc6cf18d000 r--p 00017000 08:15 5908476                    /usr/lib/x86_64-linux-gnu/libpthread-2.31.so
7fc6cf18d000-7fc6cf18e000 r--p 0001c000 08:15 5908476                    /usr/lib/x86_64-linux-gnu/libpthread-2.31.so
7fc6cf18e000-7fc6cf18f000 rw-p 0001d000 08:15 5908476                    /usr/lib/x86_64-linux-gnu/libpthread-2.31.so
7fc6cf18f000-7fc6cf193000 rw-p 00000000 00:00 0 
7fc6cf193000-7fc6cf199000 r--p 00000000 08:15 4076334                    /opt/android-studio-2021.2.1/android-studio/jre/lib/libverify.so
7fc6cf199000-7fc6cf1a2000 r-xp 00005000 08:15 4076334                    /opt/android-studio-2021.2.1/android-studio/jre/lib/libverify.so
7fc6cf1a2000-7fc6cf1a4000 r--p 0000d000 08:15 4076334                    /opt/android-studio-2021.2.1/android-studio/jre/lib/libverify.so
7fc6cf1a4000-7fc6cf1a5000 rw-p 0000e000 08:15 4076334                    /opt/android-studio-2021.2.1/android-studio/jre/lib/libverify.so
7fc6cf1a5000-7fc6cf1a7000 rw-p 00000000 00:00 0 
7fc6cf1a7000-7fc6cf1a8000 r--p 00000000 08:15 5904452                    /usr/lib/x86_64-linux-gnu/ld-2.31.so
7fc6cf1a8000-7fc6cf1cb000 r-xp 00001000 08:15 5904452                    /usr/lib/x86_64-linux-gnu/ld-2.31.so
7fc6cf1cb000-7fc6cf1d3000 r--p 00024000 08:15 5904452                    /usr/lib/x86_64-linux-gnu/ld-2.31.so
7fc6cf1d4000-7fc6cf1d5000 r--p 0002c000 08:15 5904452                    /usr/lib/x86_64-linux-gnu/ld-2.31.so
7fc6cf1d5000-7fc6cf1d6000 rw-p 0002d000 08:15 5904452                    /usr/lib/x86_64-linux-gnu/ld-2.31.so
7fc6cf1d6000-7fc6cf1d7000 rw-p 00000000 00:00 0 
7fff81f97000-7fff81fb8000 rw-p 00000000 00:00 0                          [stack]
7fff81fea000-7fff81fee000 r--p 00000000 00:00 0                          [vvar]
7fff81fee000-7fff81ff0000 r-xp 00000000 00:00 0                          [vdso]
ffffffffff600000-ffffffffff601000 --xp 00000000 00:00 0                  [vsyscall]


VM Arguments:
jvm_args: --add-opens=java.base/java.util=ALL-UNNAMED --add-opens=java.base/java.lang=ALL-UNNAMED --add-opens=java.base/java.lang.invoke=ALL-UNNAMED --add-opens=java.base/java.util=ALL-UNNAMED --add-opens=java.prefs/java.util.prefs=ALL-UNNAMED --add-opens=java.prefs/java.util.prefs=ALL-UNNAMED --add-opens=java.base/java.nio.charset=ALL-UNNAMED --add-opens=java.base/java.net=ALL-UNNAMED --add-opens=java.base/java.util.concurrent.atomic=ALL-UNNAMED -Xmx2048m -Dfile.encoding=UTF-8 -Duser.country=US -Duser.language=en -Duser.variant 
java_command: org.gradle.launcher.daemon.bootstrap.GradleDaemon 7.3.3
java_class_path (initial): /home/thoma/.gradle/wrapper/dists/gradle-7.3.3-bin/6a41zxkdtcxs8rphpq6y0069z/gradle-7.3.3/lib/gradle-launcher-7.3.3.jar
Launcher Type: SUN_STANDARD

[Global flags]
     intx CICompilerCount                          = 3                                         {product} {ergonomic}
     uint ConcGCThreads                            = 1                                         {product} {ergonomic}
     uint G1ConcRefinementThreads                  = 4                                         {product} {ergonomic}
   size_t G1HeapRegionSize                         = 1048576                                   {product} {ergonomic}
    uintx GCDrainStackTargetSize                   = 64                                        {product} {ergonomic}
   size_t InitialHeapSize                          = 127926272                                 {product} {ergonomic}
   size_t MarkStackSize                            = 4194304                                   {product} {ergonomic}
   size_t MaxHeapSize                              = 2147483648                                {product} {command line}
   size_t MaxNewSize                               = 1287651328                                {product} {ergonomic}
   size_t MinHeapDeltaBytes                        = 1048576                                   {product} {ergonomic}
    uintx NonNMethodCodeHeapSize                   = 5830732                                {pd product} {ergonomic}
    uintx NonProfiledCodeHeapSize                  = 122913754                              {pd product} {ergonomic}
    uintx ProfiledCodeHeapSize                     = 122913754                              {pd product} {ergonomic}
    uintx ReservedCodeCacheSize                    = 251658240                              {pd product} {ergonomic}
     bool SegmentedCodeCache                       = true                                      {product} {ergonomic}
     bool UseCompressedClassPointers               = true                                 {lp64_product} {ergonomic}
     bool UseCompressedOops                        = true                                 {lp64_product} {ergonomic}
     bool UseG1GC                                  = true                                      {product} {ergonomic}

Logging:
Log output configuration:
 #0: stdout all=warning uptime,level,tags
 #1: stderr all=off uptime,level,tags

Environment Variables:
PATH=/usr/local/sbin:/usr/local/bin:/usr/sbin:/usr/bin:/sbin:/bin:/usr/games:/usr/local/games:/snap/bin
USERNAME=thoma
SHELL=/bin/bash
DISPLAY=:0
LANG=en_US.UTF-8

Signal Handlers:
SIGSEGV: [libjvm.so+0xee4ba0], sa_mask[0]=11111111011111111101111111111110, sa_flags=SA_RESTART|SA_SIGINFO
SIGBUS: [libjvm.so+0xee4ba0], sa_mask[0]=11111111011111111101111111111110, sa_flags=SA_RESTART|SA_SIGINFO
SIGFPE: [libjvm.so+0xee4ba0], sa_mask[0]=11111111011111111101111111111110, sa_flags=SA_RESTART|SA_SIGINFO
SIGPIPE: [libjvm.so+0xd35390], sa_mask[0]=11111111011111111101111111111110, sa_flags=SA_RESTART|SA_SIGINFO
SIGXFSZ: [libjvm.so+0xd35390], sa_mask[0]=11111111011111111101111111111110, sa_flags=SA_RESTART|SA_SIGINFO
SIGILL: [libjvm.so+0xee4ba0], sa_mask[0]=11111111011111111101111111111110, sa_flags=SA_RESTART|SA_SIGINFO
SIGUSR2: [libjvm.so+0xd35a70], sa_mask[0]=00100000000000000000000000000000, sa_flags=SA_RESTART|SA_SIGINFO
SIGHUP: [libjvm.so+0xd324d0], sa_mask[0]=11111111011111111101111111111110, sa_flags=SA_RESTART|SA_SIGINFO
SIGINT: [libjvm.so+0xd324d0], sa_mask[0]=11111111011111111101111111111110, sa_flags=SA_RESTART|SA_SIGINFO
SIGTERM: [libjvm.so+0xd324d0], sa_mask[0]=11111111011111111101111111111110, sa_flags=SA_RESTART|SA_SIGINFO
SIGQUIT: [libjvm.so+0xd324d0], sa_mask[0]=11111111011111111101111111111110, sa_flags=SA_RESTART|SA_SIGINFO


---------------  S Y S T E M  ---------------

OS:DISTRIB_ID=Ubuntu
DISTRIB_RELEASE=20.04
DISTRIB_CODENAME=focal
DISTRIB_DESCRIPTION="Ubuntu 20.04.4 LTS"
uname:Linux 5.13.0-51-generic #58~20.04.1-Ubuntu SMP Tue Jun 14 11:29:12 UTC 2022 x86_64
OS uptime: 0 days 4:44 hours
libc:glibc 2.31 NPTL 2.31 
rlimit (soft/hard): STACK 8192k/infinity , CORE 0k/infinity , NPROC 30535/30535 , NOFILE 1048576/1048576 , AS infinity/infinity , CPU infinity/infinity , DATA infinity/infinity , FSIZE infinity/infinity , MEMLOCK 65536k/65536k
load average:6.49 3.94 2.98

/proc/meminfo:
MemTotal:        7892396 kB
MemFree:          143716 kB
MemAvailable:     923232 kB
Buffers:           52688 kB
Cached:          1885096 kB
SwapCached:        14704 kB
Active:          1077252 kB
Inactive:        6247212 kB
Active(anon):     604916 kB
Inactive(anon):  5769324 kB
Active(file):     472336 kB
Inactive(file):   477888 kB
Unevictable:       47668 kB
Mlocked:              48 kB
SwapTotal:       2097148 kB
SwapFree:        1480188 kB
Dirty:             95656 kB
Writeback:           152 kB
AnonPages:       5423516 kB
Mapped:           663440 kB
Shmem:            988196 kB
KReclaimable:      98200 kB
Slab:             225304 kB
SReclaimable:      98200 kB
SUnreclaim:       127104 kB
KernelStack:       19152 kB
PageTables:        61568 kB
NFS_Unstable:          0 kB
Bounce:                0 kB
WritebackTmp:          0 kB
CommitLimit:     6043344 kB
Committed_AS:   17854036 kB
VmallocTotal:   34359738367 kB
VmallocUsed:       48448 kB
VmallocChunk:          0 kB
Percpu:             3600 kB
HardwareCorrupted:     0 kB
AnonHugePages:         0 kB
ShmemHugePages:        0 kB
ShmemPmdMapped:        0 kB
FileHugePages:         0 kB
FilePmdMapped:         0 kB
HugePages_Total:       0
HugePages_Free:        0
HugePages_Rsvd:        0
HugePages_Surp:        0
Hugepagesize:       2048 kB
Hugetlb:               0 kB
DirectMap4k:      305136 kB
DirectMap2M:     6782976 kB
DirectMap1G:     1048576 kB

/sys/kernel/mm/transparent_hugepage/enabled:
always [madvise] never
/sys/kernel/mm/transparent_hugepage/defrag (defrag/compaction efforts parameter):
always defer defer+madvise [madvise] never

Process Memory:
Virtual Size: 5427196K (peak: 5427196K)
Resident Set Size: 139992K (peak: 139992K) (anon: 111608K, file: 28384K, shmem: 0K)
Swapped out: 0K
C-Heap outstanding allocations: 36495K

/proc/sys/kernel/threads-max (system-wide limit on the number of threads):
61071
/proc/sys/vm/max_map_count (maximum number of memory map areas a process may have):
65530
/proc/sys/kernel/pid_max (system-wide limit on number of process identifiers):
4194304

container (cgroup) information:
container_type: cgroupv1
cpu_cpuset_cpus: 0-3
cpu_memory_nodes: 0
active_processor_count: 4
cpu_quota: -1
cpu_period: 100000
cpu_shares: -1
memory_limit_in_bytes: -1
memory_and_swap_limit_in_bytes: -1
memory_soft_limit_in_bytes: -1
memory_usage_in_bytes: 7221084160
memory_max_usage_in_bytes: 7263182848

Steal ticks since vm start: 0
Steal ticks percentage since vm start:  0.000

CPU:total 4 (initial active 4) (2 cores per cpu, 2 threads per core) family 6 model 78 stepping 3 microcode 0xea, cmov, cx8, fxsr, mmx, sse, sse2, sse3, ssse3, sse4.1, sse4.2, popcnt, avx, avx2, aes, clmul, erms, rtm, 3dnowpref, lzcnt, ht, tsc, tscinvbit, bmi1, bmi2, adx, fma
CPU Model and flags from /proc/cpuinfo:
model name	: Intel(R) Core(TM) i7-6600U CPU @ 2.60GHz
flags		: fpu vme de pse tsc msr pae mce cx8 apic sep mtrr pge mca cmov pat pse36 clflush dts acpi mmx fxsr sse sse2 ss ht tm pbe syscall nx pdpe1gb rdtscp lm constant_tsc art arch_perfmon pebs bts rep_good nopl xtopology nonstop_tsc cpuid aperfmperf pni pclmulqdq dtes64 monitor ds_cpl vmx smx est tm2 ssse3 sdbg fma cx16 xtpr pdcm pcid sse4_1 sse4_2 x2apic movbe popcnt tsc_deadline_timer aes xsave avx f16c rdrand lahf_lm abm 3dnowprefetch cpuid_fault epb invpcid_single pti ssbd ibrs ibpb stibp tpr_shadow vnmi flexpriority ept vpid ept_ad fsgsbase tsc_adjust sgx bmi1 hle avx2 smep bmi2 erms invpcid rtm mpx rdseed adx smap clflushopt intel_pt xsaveopt xsavec xgetbv1 xsaves dtherm ida arat pln pts hwp hwp_notify hwp_act_window hwp_epp md_clear flush_l1d
Online cpus:
0-3
Offline cpus:

BIOS frequency limitation:
<Not Available>
Frequency switch latency (ns):
0
Available cpu frequencies:
<Not Available>
Current governor:
powersave
Core performance/turbo boost:
<Not Available>

Memory: 4k page, physical 7892396k(143716k free), swap 2097148k(1480188k free)

vm_info: OpenJDK 64-Bit Server VM (11.0.12+0-b1504.28-7817840) for linux-amd64 JRE (11.0.12+0-b1504.28-7817840), built on Oct 12 2021 23:39:06 by "androidbuild" with gcc Android (7284624, based on r416183b) Clang 12.0.5 (https://android.googlesource.com/toolchain/llvm-project c935d99d7cf2016289302412d708641d52d2f7ee)

END.
